[DEBUG] 2019-06-29 10:43:18,277 | /home/ilhmndn/frappe-training/apps/frappe/frappe/utils/scheduler.py:
Site: warehouse
Queued events for site warehouse
[DEBUG] 2019-06-29 10:44:18,532 | /home/ilhmndn/frappe-training/apps/frappe/frappe/utils/scheduler.py:
Site: mdb.training.local
Queued events for site mdb.training.local
[DEBUG] 2019-06-29 10:44:18,742 | /home/ilhmndn/frappe-training/apps/frappe/frappe/utils/scheduler.py:
Site: warehouse
Queued events for site warehouse
[DEBUG] 2019-06-29 10:45:18,877 | /home/ilhmndn/frappe-training/apps/frappe/frappe/utils/scheduler.py:
Site: mdb.training.local
Queued events for site mdb.training.local
[DEBUG] 2019-06-29 10:45:18,958 | /home/ilhmndn/frappe-training/apps/frappe/frappe/utils/scheduler.py:
Site: warehouse
Queued events for site warehouse
[DEBUG] 2019-06-29 10:46:19,110 | /home/ilhmndn/frappe-training/apps/frappe/frappe/utils/scheduler.py:
Site: mdb.training.local
Queued events for site mdb.training.local
[DEBUG] 2019-06-29 10:46:19,185 | /home/ilhmndn/frappe-training/apps/frappe/frappe/utils/scheduler.py:
Site: warehouse
Queued events for site warehouse
[DEBUG] 2019-06-29 10:47:19,338 | /home/ilhmndn/frappe-training/apps/frappe/frappe/utils/scheduler.py:
Site: mdb.training.local
Queued events for site mdb.training.local
[DEBUG] 2019-06-29 10:47:19,408 | /home/ilhmndn/frappe-training/apps/frappe/frappe/utils/scheduler.py:
Site: warehouse
Queued events for site warehouse
[DEBUG] 2019-06-29 10:49:46,278 | /home/ilhmndn/frappe-training/apps/frappe/frappe/utils/scheduler.py:
Site: mdb.training.local
Queued events for site mdb.training.local
[DEBUG] 2019-06-29 10:49:46,689 | /home/ilhmndn/frappe-training/apps/frappe/frappe/utils/scheduler.py:
Site: warehouse
Queued events for site warehouse
[DEBUG] 2019-06-29 10:50:46,824 | /home/ilhmndn/frappe-training/apps/frappe/frappe/utils/scheduler.py:
Site: mdb.training.local
Queued events for site mdb.training.local
[DEBUG] 2019-06-29 10:50:46,866 | /home/ilhmndn/frappe-training/apps/frappe/frappe/utils/scheduler.py:
Site: warehouse
Queued events for site warehouse
[DEBUG] 2019-06-29 10:51:47,023 | /home/ilhmndn/frappe-training/apps/frappe/frappe/utils/scheduler.py:
Site: mdb.training.local
Queued events for site mdb.training.local
[DEBUG] 2019-06-29 10:51:47,070 | /home/ilhmndn/frappe-training/apps/frappe/frappe/utils/scheduler.py:
Site: warehouse
Queued events for site warehouse
[DEBUG] 2019-06-29 10:52:47,760 | /home/ilhmndn/frappe-training/apps/frappe/frappe/utils/scheduler.py:
Site: mdb.training.local
Queued events for site mdb.training.local
[DEBUG] 2019-06-29 10:52:47,989 | /home/ilhmndn/frappe-training/apps/frappe/frappe/utils/scheduler.py:
Site: warehouse
Queued events for site warehouse
[DEBUG] 2019-06-29 10:53:48,138 | /home/ilhmndn/frappe-training/apps/frappe/frappe/utils/scheduler.py:
Site: mdb.training.local
Queued events for site mdb.training.local
[DEBUG] 2019-06-29 10:53:48,192 | /home/ilhmndn/frappe-training/apps/frappe/frappe/utils/scheduler.py:
Site: warehouse
Queued events for site warehouse
[DEBUG] 2019-06-29 10:54:48,825 | /home/ilhmndn/frappe-training/apps/frappe/frappe/utils/scheduler.py:
Site: mdb.training.local
Queued events for site mdb.training.local
[DEBUG] 2019-06-29 10:54:48,870 | /home/ilhmndn/frappe-training/apps/frappe/frappe/utils/scheduler.py:
Site: warehouse
Queued events for site warehouse
[DEBUG] 2019-06-29 10:55:49,013 | /home/ilhmndn/frappe-training/apps/frappe/frappe/utils/scheduler.py:
Site: mdb.training.local
Queued events for site mdb.training.local
[DEBUG] 2019-06-29 10:55:49,069 | /home/ilhmndn/frappe-training/apps/frappe/frappe/utils/scheduler.py:
Site: warehouse
Queued events for site warehouse
[DEBUG] 2019-06-29 10:56:49,279 | /home/ilhmndn/frappe-training/apps/frappe/frappe/utils/scheduler.py:
Site: mdb.training.local
Queued events for site mdb.training.local
[DEBUG] 2019-06-29 10:56:49,478 | /home/ilhmndn/frappe-training/apps/frappe/frappe/utils/scheduler.py:
Site: warehouse
Queued events for site warehouse
[DEBUG] 2019-06-29 10:57:49,692 | /home/ilhmndn/frappe-training/apps/frappe/frappe/utils/scheduler.py:
Site: mdb.training.local
Queued events for site mdb.training.local
[DEBUG] 2019-06-29 10:57:49,742 | /home/ilhmndn/frappe-training/apps/frappe/frappe/utils/scheduler.py:
Site: warehouse
Queued events for site warehouse
[DEBUG] 2019-06-29 10:58:50,135 | /home/ilhmndn/frappe-training/apps/frappe/frappe/utils/scheduler.py:
Site: mdb.training.local
Queued events for site mdb.training.local
[DEBUG] 2019-06-29 10:58:50,178 | /home/ilhmndn/frappe-training/apps/frappe/frappe/utils/scheduler.py:
Site: warehouse
Queued events for site warehouse
[DEBUG] 2019-06-29 10:59:50,305 | /home/ilhmndn/frappe-training/apps/frappe/frappe/utils/scheduler.py:
Site: mdb.training.local
Queued events for site mdb.training.local
[DEBUG] 2019-06-29 10:59:50,348 | /home/ilhmndn/frappe-training/apps/frappe/frappe/utils/scheduler.py:
Site: warehouse
Queued events for site warehouse
[DEBUG] 2019-06-29 11:00:50,698 | /home/ilhmndn/frappe-training/apps/frappe/frappe/utils/scheduler.py:
Site: mdb.training.local
Queued events for site mdb.training.local
[DEBUG] 2019-06-29 11:00:50,901 | /home/ilhmndn/frappe-training/apps/frappe/frappe/utils/scheduler.py:
Site: warehouse
Queued events for site warehouse
[DEBUG] 2019-06-29 11:01:51,034 | /home/ilhmndn/frappe-training/apps/frappe/frappe/utils/scheduler.py:
Site: mdb.training.local
Queued events for site mdb.training.local
[DEBUG] 2019-06-29 11:01:51,083 | /home/ilhmndn/frappe-training/apps/frappe/frappe/utils/scheduler.py:
Site: warehouse
Queued events for site warehouse
[DEBUG] 2019-06-29 11:02:51,245 | /home/ilhmndn/frappe-training/apps/frappe/frappe/utils/scheduler.py:
Site: mdb.training.local
Queued events for site mdb.training.local
[DEBUG] 2019-06-29 11:02:51,293 | /home/ilhmndn/frappe-training/apps/frappe/frappe/utils/scheduler.py:
Site: warehouse
Queued events for site warehouse
[DEBUG] 2019-06-29 11:03:51,427 | /home/ilhmndn/frappe-training/apps/frappe/frappe/utils/scheduler.py:
Site: mdb.training.local
Queued events for site mdb.training.local
[DEBUG] 2019-06-29 11:03:51,475 | /home/ilhmndn/frappe-training/apps/frappe/frappe/utils/scheduler.py:
Site: warehouse
Queued events for site warehouse
[ERROR] 2019-06-29 11:04:07,235 | /home/ilhmndn/frappe-training/apps/frappe/frappe/app.py:
Site: mdb.training.local
Form Dict: {
 "action": "Submit",
 "cmd": "frappe.desk.form.save.savedocs",
 "doc": "{\"name\":\"RPB-010\",\"owner\":\"Administrator\",\"creation\":\"2019-06-29 11:04:04.699358\",\"modified\":\"2019-06-29 11:04:04.699358\",\"modified_by\":\"Administrator\",\"parent\":null,\"parentfield\":null,\"parenttype\":null,\"idx\":0,\"docstatus\":0,\"naming_series\":\"RPB-.###\",\"id_supplier\":\"SUPPLIER-002\",\"nama_supplier\":\"PT Jaya Abadi\",\"tanggal_request\":\"2019-06-29\",\"total_harga\":\"150000\",\"amended_from\":null,\"doctype\":\"Request Pesanan Barang\",\"request_line_pesanan\":[{\"name\":\"cab82378e0\",\"owner\":\"Administrator\",\"creation\":\"2019-06-29 11:04:04.699358\",\"modified\":\"2019-06-29 11:04:04.699358\",\"modified_by\":\"Administrator\",\"parent\":\"RPB-010\",\"parentfield\":\"request_line_pesanan\",\"parenttype\":\"Request Pesanan Barang\",\"idx\":1,\"docstatus\":0,\"kode_barang\":\"BARANG-003\",\"nama_barang\":\"Batu Ringan Citicon\",\"jenis_barang\":\"Bata Ringan\",\"satuan\":\"M3\",\"harga\":\"740000\",\"quantity\":\"1\",\"jumlah\":\"45\",\"doctype\":\"Request Line Pesanan\"}],\"__last_sync_on\":\"2019-06-29T04:04:04.952Z\"}"
}
Request Error
Traceback (most recent call last):
  File "/home/ilhmndn/frappe-training/apps/frappe/frappe/app.py", line 61, in application
    response = frappe.handler.handle()
  File "/home/ilhmndn/frappe-training/apps/frappe/frappe/handler.py", line 21, in handle
    data = execute_cmd(cmd)
  File "/home/ilhmndn/frappe-training/apps/frappe/frappe/handler.py", line 56, in execute_cmd
    return frappe.call(method, **frappe.form_dict)
  File "/home/ilhmndn/frappe-training/apps/frappe/frappe/__init__.py", line 1019, in call
    return fn(*args, **newargs)
  File "/home/ilhmndn/frappe-training/apps/frappe/frappe/desk/form/save.py", line 19, in savedocs
    doc.submit()
  File "/home/ilhmndn/frappe-training/apps/frappe/frappe/model/document.py", line 848, in submit
    self._submit()
  File "/home/ilhmndn/frappe-training/apps/frappe/frappe/model/document.py", line 837, in _submit
    self.save()
  File "/home/ilhmndn/frappe-training/apps/frappe/frappe/model/document.py", line 260, in save
    return self._save(*args, **kwargs)
  File "/home/ilhmndn/frappe-training/apps/frappe/frappe/model/document.py", line 313, in _save
    self.run_post_save_methods()
  File "/home/ilhmndn/frappe-training/apps/frappe/frappe/model/document.py", line 908, in run_post_save_methods
    self.run_method("on_submit")
  File "/home/ilhmndn/frappe-training/apps/frappe/frappe/model/document.py", line 772, in run_method
    out = Document.hook(fn)(self, *args, **kwargs)
  File "/home/ilhmndn/frappe-training/apps/frappe/frappe/model/document.py", line 1048, in composer
    return composed(self, method, *args, **kwargs)
  File "/home/ilhmndn/frappe-training/apps/frappe/frappe/model/document.py", line 1031, in runner
    add_to_return_value(self, fn(self, *args, **kwargs))
  File "/home/ilhmndn/frappe-training/apps/frappe/frappe/model/document.py", line 766, in <lambda>
    fn = lambda self, *args, **kwargs: getattr(self, method)(*args, **kwargs)
  File "/home/ilhmndn/frappe-training/apps/warehouse/warehouse/warehouse_management_system/doctype/request_pesanan_barang/request_pesanan_barang.py", line 13, in on_submit
    self.on_approve()
  File "/home/ilhmndn/frappe-training/apps/warehouse/warehouse/warehouse_management_system/doctype/request_pesanan_barang/request_pesanan_barang.py", line 35, in on_approve
    self.change_jumlah_barang()
  File "/home/ilhmndn/frappe-training/apps/warehouse/warehouse/warehouse_management_system/doctype/request_pesanan_barang/request_pesanan_barang.py", line 41, in change_jumlah_barang
    barang.jumlah = jumlah - quantity
NameError: name 'jumlah' is not defined
[ERROR] 2019-06-29 11:04:07,565 | /home/ilhmndn/frappe-training/apps/frappe/frappe/utils/error.py:
Could not take error snapshot: startswith first arg must be str or a tuple of str, not bytes
Traceback (most recent call last):
  File "/home/ilhmndn/frappe-training/apps/frappe/frappe/app.py", line 61, in application
    response = frappe.handler.handle()
  File "/home/ilhmndn/frappe-training/apps/frappe/frappe/handler.py", line 21, in handle
    data = execute_cmd(cmd)
  File "/home/ilhmndn/frappe-training/apps/frappe/frappe/handler.py", line 56, in execute_cmd
    return frappe.call(method, **frappe.form_dict)
  File "/home/ilhmndn/frappe-training/apps/frappe/frappe/__init__.py", line 1019, in call
    return fn(*args, **newargs)
  File "/home/ilhmndn/frappe-training/apps/frappe/frappe/desk/form/save.py", line 19, in savedocs
    doc.submit()
  File "/home/ilhmndn/frappe-training/apps/frappe/frappe/model/document.py", line 848, in submit
    self._submit()
  File "/home/ilhmndn/frappe-training/apps/frappe/frappe/model/document.py", line 837, in _submit
    self.save()
  File "/home/ilhmndn/frappe-training/apps/frappe/frappe/model/document.py", line 260, in save
    return self._save(*args, **kwargs)
  File "/home/ilhmndn/frappe-training/apps/frappe/frappe/model/document.py", line 313, in _save
    self.run_post_save_methods()
  File "/home/ilhmndn/frappe-training/apps/frappe/frappe/model/document.py", line 908, in run_post_save_methods
    self.run_method("on_submit")
  File "/home/ilhmndn/frappe-training/apps/frappe/frappe/model/document.py", line 772, in run_method
    out = Document.hook(fn)(self, *args, **kwargs)
  File "/home/ilhmndn/frappe-training/apps/frappe/frappe/model/document.py", line 1048, in composer
    return composed(self, method, *args, **kwargs)
  File "/home/ilhmndn/frappe-training/apps/frappe/frappe/model/document.py", line 1031, in runner
    add_to_return_value(self, fn(self, *args, **kwargs))
  File "/home/ilhmndn/frappe-training/apps/frappe/frappe/model/document.py", line 766, in <lambda>
    fn = lambda self, *args, **kwargs: getattr(self, method)(*args, **kwargs)
  File "/home/ilhmndn/frappe-training/apps/warehouse/warehouse/warehouse_management_system/doctype/request_pesanan_barang/request_pesanan_barang.py", line 13, in on_submit
    self.on_approve()
  File "/home/ilhmndn/frappe-training/apps/warehouse/warehouse/warehouse_management_system/doctype/request_pesanan_barang/request_pesanan_barang.py", line 35, in on_approve
    self.change_jumlah_barang()
  File "/home/ilhmndn/frappe-training/apps/warehouse/warehouse/warehouse_management_system/doctype/request_pesanan_barang/request_pesanan_barang.py", line 41, in change_jumlah_barang
    barang.jumlah = jumlah - quantity
NameError: name 'jumlah' is not defined

During handling of the above exception, another exception occurred:

Traceback (most recent call last):
  File "/home/ilhmndn/frappe-training/apps/frappe/frappe/utils/error.py", line 36, in make_error_snapshot
    snapshot = get_snapshot(exception)
  File "/home/ilhmndn/frappe-training/apps/frappe/frappe/utils/error.py", line 131, in get_snapshot
    if type(value)==str and value.startswith(b"u'"):
TypeError: startswith first arg must be str or a tuple of str, not bytes
[ERROR] 2019-06-29 11:04:45,896 | /home/ilhmndn/frappe-training/apps/frappe/frappe/app.py:
Site: mdb.training.local
Form Dict: {
 "action": "Submit",
 "cmd": "frappe.desk.form.save.savedocs",
 "doc": "{\"name\":\"RPB-010\",\"owner\":\"Administrator\",\"creation\":\"2019-06-29 11:04:04.699358\",\"modified\":\"2019-06-29 11:04:04.699358\",\"modified_by\":\"Administrator\",\"parent\":null,\"parentfield\":null,\"parenttype\":null,\"idx\":0,\"docstatus\":0,\"naming_series\":\"RPB-.###\",\"id_supplier\":\"SUPPLIER-002\",\"nama_supplier\":\"PT Jaya Abadi\",\"tanggal_request\":\"2019-06-29\",\"total_harga\":\"150000\",\"amended_from\":null,\"doctype\":\"Request Pesanan Barang\",\"request_line_pesanan\":[{\"name\":\"cab82378e0\",\"owner\":\"Administrator\",\"creation\":\"2019-06-29 11:04:04.699358\",\"modified\":\"2019-06-29 11:04:04.699358\",\"modified_by\":\"Administrator\",\"parent\":\"RPB-010\",\"parentfield\":\"request_line_pesanan\",\"parenttype\":\"Request Pesanan Barang\",\"idx\":1,\"docstatus\":0,\"kode_barang\":\"BARANG-003\",\"nama_barang\":\"Batu Ringan Citicon\",\"jenis_barang\":\"Bata Ringan\",\"satuan\":\"M3\",\"harga\":\"740000\",\"quantity\":\"1\",\"jumlah\":\"45\",\"doctype\":\"Request Line Pesanan\"}],\"__last_sync_on\":\"2019-06-29T04:04:04.952Z\"}"
}
Request Error
Traceback (most recent call last):
  File "/home/ilhmndn/frappe-training/apps/frappe/frappe/app.py", line 61, in application
    response = frappe.handler.handle()
  File "/home/ilhmndn/frappe-training/apps/frappe/frappe/handler.py", line 21, in handle
    data = execute_cmd(cmd)
  File "/home/ilhmndn/frappe-training/apps/frappe/frappe/handler.py", line 56, in execute_cmd
    return frappe.call(method, **frappe.form_dict)
  File "/home/ilhmndn/frappe-training/apps/frappe/frappe/__init__.py", line 1019, in call
    return fn(*args, **newargs)
  File "/home/ilhmndn/frappe-training/apps/frappe/frappe/desk/form/save.py", line 19, in savedocs
    doc.submit()
  File "/home/ilhmndn/frappe-training/apps/frappe/frappe/model/document.py", line 848, in submit
    self._submit()
  File "/home/ilhmndn/frappe-training/apps/frappe/frappe/model/document.py", line 837, in _submit
    self.save()
  File "/home/ilhmndn/frappe-training/apps/frappe/frappe/model/document.py", line 260, in save
    return self._save(*args, **kwargs)
  File "/home/ilhmndn/frappe-training/apps/frappe/frappe/model/document.py", line 313, in _save
    self.run_post_save_methods()
  File "/home/ilhmndn/frappe-training/apps/frappe/frappe/model/document.py", line 908, in run_post_save_methods
    self.run_method("on_submit")
  File "/home/ilhmndn/frappe-training/apps/frappe/frappe/model/document.py", line 772, in run_method
    out = Document.hook(fn)(self, *args, **kwargs)
  File "/home/ilhmndn/frappe-training/apps/frappe/frappe/model/document.py", line 1048, in composer
    return composed(self, method, *args, **kwargs)
  File "/home/ilhmndn/frappe-training/apps/frappe/frappe/model/document.py", line 1031, in runner
    add_to_return_value(self, fn(self, *args, **kwargs))
  File "/home/ilhmndn/frappe-training/apps/frappe/frappe/model/document.py", line 766, in <lambda>
    fn = lambda self, *args, **kwargs: getattr(self, method)(*args, **kwargs)
  File "/home/ilhmndn/frappe-training/apps/warehouse/warehouse/warehouse_management_system/doctype/request_pesanan_barang/request_pesanan_barang.py", line 13, in on_submit
    self.on_approve()
  File "/home/ilhmndn/frappe-training/apps/warehouse/warehouse/warehouse_management_system/doctype/request_pesanan_barang/request_pesanan_barang.py", line 35, in on_approve
    self.change_jumlah_barang()
  File "/home/ilhmndn/frappe-training/apps/warehouse/warehouse/warehouse_management_system/doctype/request_pesanan_barang/request_pesanan_barang.py", line 41, in change_jumlah_barang
    barang.jumlah = i.jumlah - quantity
NameError: name 'quantity' is not defined
[ERROR] 2019-06-29 11:04:46,167 | /home/ilhmndn/frappe-training/apps/frappe/frappe/utils/error.py:
Could not take error snapshot: startswith first arg must be str or a tuple of str, not bytes
Traceback (most recent call last):
  File "/home/ilhmndn/frappe-training/apps/frappe/frappe/app.py", line 61, in application
    response = frappe.handler.handle()
  File "/home/ilhmndn/frappe-training/apps/frappe/frappe/handler.py", line 21, in handle
    data = execute_cmd(cmd)
  File "/home/ilhmndn/frappe-training/apps/frappe/frappe/handler.py", line 56, in execute_cmd
    return frappe.call(method, **frappe.form_dict)
  File "/home/ilhmndn/frappe-training/apps/frappe/frappe/__init__.py", line 1019, in call
    return fn(*args, **newargs)
  File "/home/ilhmndn/frappe-training/apps/frappe/frappe/desk/form/save.py", line 19, in savedocs
    doc.submit()
  File "/home/ilhmndn/frappe-training/apps/frappe/frappe/model/document.py", line 848, in submit
    self._submit()
  File "/home/ilhmndn/frappe-training/apps/frappe/frappe/model/document.py", line 837, in _submit
    self.save()
  File "/home/ilhmndn/frappe-training/apps/frappe/frappe/model/document.py", line 260, in save
    return self._save(*args, **kwargs)
  File "/home/ilhmndn/frappe-training/apps/frappe/frappe/model/document.py", line 313, in _save
    self.run_post_save_methods()
  File "/home/ilhmndn/frappe-training/apps/frappe/frappe/model/document.py", line 908, in run_post_save_methods
    self.run_method("on_submit")
  File "/home/ilhmndn/frappe-training/apps/frappe/frappe/model/document.py", line 772, in run_method
    out = Document.hook(fn)(self, *args, **kwargs)
  File "/home/ilhmndn/frappe-training/apps/frappe/frappe/model/document.py", line 1048, in composer
    return composed(self, method, *args, **kwargs)
  File "/home/ilhmndn/frappe-training/apps/frappe/frappe/model/document.py", line 1031, in runner
    add_to_return_value(self, fn(self, *args, **kwargs))
  File "/home/ilhmndn/frappe-training/apps/frappe/frappe/model/document.py", line 766, in <lambda>
    fn = lambda self, *args, **kwargs: getattr(self, method)(*args, **kwargs)
  File "/home/ilhmndn/frappe-training/apps/warehouse/warehouse/warehouse_management_system/doctype/request_pesanan_barang/request_pesanan_barang.py", line 13, in on_submit
    self.on_approve()
  File "/home/ilhmndn/frappe-training/apps/warehouse/warehouse/warehouse_management_system/doctype/request_pesanan_barang/request_pesanan_barang.py", line 35, in on_approve
    self.change_jumlah_barang()
  File "/home/ilhmndn/frappe-training/apps/warehouse/warehouse/warehouse_management_system/doctype/request_pesanan_barang/request_pesanan_barang.py", line 41, in change_jumlah_barang
    barang.jumlah = i.jumlah - quantity
NameError: name 'quantity' is not defined

During handling of the above exception, another exception occurred:

Traceback (most recent call last):
  File "/home/ilhmndn/frappe-training/apps/frappe/frappe/utils/error.py", line 36, in make_error_snapshot
    snapshot = get_snapshot(exception)
  File "/home/ilhmndn/frappe-training/apps/frappe/frappe/utils/error.py", line 131, in get_snapshot
    if type(value)==str and value.startswith(b"u'"):
TypeError: startswith first arg must be str or a tuple of str, not bytes
[DEBUG] 2019-06-29 11:04:51,682 | /home/ilhmndn/frappe-training/apps/frappe/frappe/utils/scheduler.py:
Site: mdb.training.local
Queued events for site mdb.training.local
[DEBUG] 2019-06-29 11:04:51,810 | /home/ilhmndn/frappe-training/apps/frappe/frappe/utils/scheduler.py:
Site: warehouse
Queued events for site warehouse
[ERROR] 2019-06-29 11:05:02,873 | /home/ilhmndn/frappe-training/apps/frappe/frappe/app.py:
Site: mdb.training.local
Form Dict: {
 "action": "Submit",
 "cmd": "frappe.desk.form.save.savedocs",
 "doc": "{\"name\":\"RPB-010\",\"owner\":\"Administrator\",\"creation\":\"2019-06-29 11:04:04.699358\",\"modified\":\"2019-06-29 11:04:04.699358\",\"modified_by\":\"Administrator\",\"parent\":null,\"parentfield\":null,\"parenttype\":null,\"idx\":0,\"docstatus\":0,\"naming_series\":\"RPB-.###\",\"id_supplier\":\"SUPPLIER-002\",\"nama_supplier\":\"PT Jaya Abadi\",\"tanggal_request\":\"2019-06-29\",\"total_harga\":\"150000\",\"amended_from\":null,\"doctype\":\"Request Pesanan Barang\",\"request_line_pesanan\":[{\"name\":\"cab82378e0\",\"owner\":\"Administrator\",\"creation\":\"2019-06-29 11:04:04.699358\",\"modified\":\"2019-06-29 11:04:04.699358\",\"modified_by\":\"Administrator\",\"parent\":\"RPB-010\",\"parentfield\":\"request_line_pesanan\",\"parenttype\":\"Request Pesanan Barang\",\"idx\":1,\"docstatus\":0,\"kode_barang\":\"BARANG-003\",\"nama_barang\":\"Batu Ringan Citicon\",\"jenis_barang\":\"Bata Ringan\",\"satuan\":\"M3\",\"harga\":\"740000\",\"quantity\":\"1\",\"jumlah\":\"45\",\"doctype\":\"Request Line Pesanan\"}],\"__last_sync_on\":\"2019-06-29T04:04:04.952Z\"}"
}
Request Error
Traceback (most recent call last):
  File "/home/ilhmndn/frappe-training/apps/frappe/frappe/app.py", line 61, in application
    response = frappe.handler.handle()
  File "/home/ilhmndn/frappe-training/apps/frappe/frappe/handler.py", line 21, in handle
    data = execute_cmd(cmd)
  File "/home/ilhmndn/frappe-training/apps/frappe/frappe/handler.py", line 56, in execute_cmd
    return frappe.call(method, **frappe.form_dict)
  File "/home/ilhmndn/frappe-training/apps/frappe/frappe/__init__.py", line 1019, in call
    return fn(*args, **newargs)
  File "/home/ilhmndn/frappe-training/apps/frappe/frappe/desk/form/save.py", line 19, in savedocs
    doc.submit()
  File "/home/ilhmndn/frappe-training/apps/frappe/frappe/model/document.py", line 848, in submit
    self._submit()
  File "/home/ilhmndn/frappe-training/apps/frappe/frappe/model/document.py", line 837, in _submit
    self.save()
  File "/home/ilhmndn/frappe-training/apps/frappe/frappe/model/document.py", line 260, in save
    return self._save(*args, **kwargs)
  File "/home/ilhmndn/frappe-training/apps/frappe/frappe/model/document.py", line 313, in _save
    self.run_post_save_methods()
  File "/home/ilhmndn/frappe-training/apps/frappe/frappe/model/document.py", line 908, in run_post_save_methods
    self.run_method("on_submit")
  File "/home/ilhmndn/frappe-training/apps/frappe/frappe/model/document.py", line 772, in run_method
    out = Document.hook(fn)(self, *args, **kwargs)
  File "/home/ilhmndn/frappe-training/apps/frappe/frappe/model/document.py", line 1048, in composer
    return composed(self, method, *args, **kwargs)
  File "/home/ilhmndn/frappe-training/apps/frappe/frappe/model/document.py", line 1031, in runner
    add_to_return_value(self, fn(self, *args, **kwargs))
  File "/home/ilhmndn/frappe-training/apps/frappe/frappe/model/document.py", line 766, in <lambda>
    fn = lambda self, *args, **kwargs: getattr(self, method)(*args, **kwargs)
  File "/home/ilhmndn/frappe-training/apps/warehouse/warehouse/warehouse_management_system/doctype/request_pesanan_barang/request_pesanan_barang.py", line 13, in on_submit
    self.on_approve()
  File "/home/ilhmndn/frappe-training/apps/warehouse/warehouse/warehouse_management_system/doctype/request_pesanan_barang/request_pesanan_barang.py", line 35, in on_approve
    self.change_jumlah_barang()
  File "/home/ilhmndn/frappe-training/apps/warehouse/warehouse/warehouse_management_system/doctype/request_pesanan_barang/request_pesanan_barang.py", line 41, in change_jumlah_barang
    barang.jumlah = i.jumlah - i.quantity
NameError: name 'quantity' is not defined
[ERROR] 2019-06-29 11:05:02,897 | /home/ilhmndn/frappe-training/apps/frappe/frappe/utils/error.py:
Could not take error snapshot: startswith first arg must be str or a tuple of str, not bytes
Traceback (most recent call last):
  File "/home/ilhmndn/frappe-training/apps/frappe/frappe/app.py", line 61, in application
    response = frappe.handler.handle()
  File "/home/ilhmndn/frappe-training/apps/frappe/frappe/handler.py", line 21, in handle
    data = execute_cmd(cmd)
  File "/home/ilhmndn/frappe-training/apps/frappe/frappe/handler.py", line 56, in execute_cmd
    return frappe.call(method, **frappe.form_dict)
  File "/home/ilhmndn/frappe-training/apps/frappe/frappe/__init__.py", line 1019, in call
    return fn(*args, **newargs)
  File "/home/ilhmndn/frappe-training/apps/frappe/frappe/desk/form/save.py", line 19, in savedocs
    doc.submit()
  File "/home/ilhmndn/frappe-training/apps/frappe/frappe/model/document.py", line 848, in submit
    self._submit()
  File "/home/ilhmndn/frappe-training/apps/frappe/frappe/model/document.py", line 837, in _submit
    self.save()
  File "/home/ilhmndn/frappe-training/apps/frappe/frappe/model/document.py", line 260, in save
    return self._save(*args, **kwargs)
  File "/home/ilhmndn/frappe-training/apps/frappe/frappe/model/document.py", line 313, in _save
    self.run_post_save_methods()
  File "/home/ilhmndn/frappe-training/apps/frappe/frappe/model/document.py", line 908, in run_post_save_methods
    self.run_method("on_submit")
  File "/home/ilhmndn/frappe-training/apps/frappe/frappe/model/document.py", line 772, in run_method
    out = Document.hook(fn)(self, *args, **kwargs)
  File "/home/ilhmndn/frappe-training/apps/frappe/frappe/model/document.py", line 1048, in composer
    return composed(self, method, *args, **kwargs)
  File "/home/ilhmndn/frappe-training/apps/frappe/frappe/model/document.py", line 1031, in runner
    add_to_return_value(self, fn(self, *args, **kwargs))
  File "/home/ilhmndn/frappe-training/apps/frappe/frappe/model/document.py", line 766, in <lambda>
    fn = lambda self, *args, **kwargs: getattr(self, method)(*args, **kwargs)
  File "/home/ilhmndn/frappe-training/apps/warehouse/warehouse/warehouse_management_system/doctype/request_pesanan_barang/request_pesanan_barang.py", line 13, in on_submit
    self.on_approve()
  File "/home/ilhmndn/frappe-training/apps/warehouse/warehouse/warehouse_management_system/doctype/request_pesanan_barang/request_pesanan_barang.py", line 35, in on_approve
    self.change_jumlah_barang()
  File "/home/ilhmndn/frappe-training/apps/warehouse/warehouse/warehouse_management_system/doctype/request_pesanan_barang/request_pesanan_barang.py", line 41, in change_jumlah_barang
    barang.jumlah = i.jumlah - i.quantity
NameError: name 'quantity' is not defined

During handling of the above exception, another exception occurred:

Traceback (most recent call last):
  File "/home/ilhmndn/frappe-training/apps/frappe/frappe/utils/error.py", line 36, in make_error_snapshot
    snapshot = get_snapshot(exception)
  File "/home/ilhmndn/frappe-training/apps/frappe/frappe/utils/error.py", line 131, in get_snapshot
    if type(value)==str and value.startswith(b"u'"):
TypeError: startswith first arg must be str or a tuple of str, not bytes
[DEBUG] 2019-06-29 11:05:51,940 | /home/ilhmndn/frappe-training/apps/frappe/frappe/utils/scheduler.py:
Site: mdb.training.local
Queued events for site mdb.training.local
[DEBUG] 2019-06-29 11:05:51,987 | /home/ilhmndn/frappe-training/apps/frappe/frappe/utils/scheduler.py:
Site: warehouse
Queued events for site warehouse
[ERROR] 2019-06-29 11:06:18,393 | /home/ilhmndn/frappe-training/apps/frappe/frappe/app.py:
Site: mdb.training.local
Form Dict: {
 "action": "Submit",
 "cmd": "frappe.desk.form.save.savedocs",
 "doc": "{\"name\":\"RPB-010\",\"owner\":\"Administrator\",\"creation\":\"2019-06-29 11:04:04.699358\",\"modified\":\"2019-06-29 11:04:04.699358\",\"modified_by\":\"Administrator\",\"idx\":0,\"docstatus\":0,\"naming_series\":\"RPB-.###\",\"id_supplier\":\"SUPPLIER-002\",\"nama_supplier\":\"PT Jaya Abadi\",\"tanggal_request\":\"2019-06-29\",\"total_harga\":\"150000\",\"doctype\":\"Request Pesanan Barang\",\"request_line_pesanan\":[{\"name\":\"cab82378e0\",\"owner\":\"Administrator\",\"creation\":\"2019-06-29 11:04:04.699358\",\"modified\":\"2019-06-29 11:04:04.699358\",\"modified_by\":\"Administrator\",\"parent\":\"RPB-010\",\"parentfield\":\"request_line_pesanan\",\"parenttype\":\"Request Pesanan Barang\",\"idx\":1,\"docstatus\":0,\"kode_barang\":\"BARANG-003\",\"nama_barang\":\"Batu Ringan Citicon\",\"jenis_barang\":\"Bata Ringan\",\"satuan\":\"M3\",\"harga\":\"740000\",\"quantity\":\"1\",\"jumlah\":\"45\",\"doctype\":\"Request Line Pesanan\"}],\"__last_sync_on\":\"2019-06-29T04:06:07.402Z\"}"
}
Request Error
Traceback (most recent call last):
  File "/home/ilhmndn/frappe-training/apps/frappe/frappe/app.py", line 61, in application
    response = frappe.handler.handle()
  File "/home/ilhmndn/frappe-training/apps/frappe/frappe/handler.py", line 21, in handle
    data = execute_cmd(cmd)
  File "/home/ilhmndn/frappe-training/apps/frappe/frappe/handler.py", line 56, in execute_cmd
    return frappe.call(method, **frappe.form_dict)
  File "/home/ilhmndn/frappe-training/apps/frappe/frappe/__init__.py", line 1019, in call
    return fn(*args, **newargs)
  File "/home/ilhmndn/frappe-training/apps/frappe/frappe/desk/form/save.py", line 19, in savedocs
    doc.submit()
  File "/home/ilhmndn/frappe-training/apps/frappe/frappe/model/document.py", line 848, in submit
    self._submit()
  File "/home/ilhmndn/frappe-training/apps/frappe/frappe/model/document.py", line 837, in _submit
    self.save()
  File "/home/ilhmndn/frappe-training/apps/frappe/frappe/model/document.py", line 260, in save
    return self._save(*args, **kwargs)
  File "/home/ilhmndn/frappe-training/apps/frappe/frappe/model/document.py", line 313, in _save
    self.run_post_save_methods()
  File "/home/ilhmndn/frappe-training/apps/frappe/frappe/model/document.py", line 908, in run_post_save_methods
    self.run_method("on_submit")
  File "/home/ilhmndn/frappe-training/apps/frappe/frappe/model/document.py", line 772, in run_method
    out = Document.hook(fn)(self, *args, **kwargs)
  File "/home/ilhmndn/frappe-training/apps/frappe/frappe/model/document.py", line 1048, in composer
    return composed(self, method, *args, **kwargs)
  File "/home/ilhmndn/frappe-training/apps/frappe/frappe/model/document.py", line 1031, in runner
    add_to_return_value(self, fn(self, *args, **kwargs))
  File "/home/ilhmndn/frappe-training/apps/frappe/frappe/model/document.py", line 766, in <lambda>
    fn = lambda self, *args, **kwargs: getattr(self, method)(*args, **kwargs)
  File "/home/ilhmndn/frappe-training/apps/warehouse/warehouse/warehouse_management_system/doctype/request_pesanan_barang/request_pesanan_barang.py", line 13, in on_submit
    self.on_approve()
  File "/home/ilhmndn/frappe-training/apps/warehouse/warehouse/warehouse_management_system/doctype/request_pesanan_barang/request_pesanan_barang.py", line 35, in on_approve
    self.change_jumlah_barang()
  File "/home/ilhmndn/frappe-training/apps/warehouse/warehouse/warehouse_management_system/doctype/request_pesanan_barang/request_pesanan_barang.py", line 41, in change_jumlah_barang
    barang.jumlah = i.jumlah - i.quantity
NameError: name 'quantity' is not defined
[ERROR] 2019-06-29 11:06:18,404 | /home/ilhmndn/frappe-training/apps/frappe/frappe/utils/error.py:
Could not take error snapshot: startswith first arg must be str or a tuple of str, not bytes
Traceback (most recent call last):
  File "/home/ilhmndn/frappe-training/apps/frappe/frappe/app.py", line 61, in application
    response = frappe.handler.handle()
  File "/home/ilhmndn/frappe-training/apps/frappe/frappe/handler.py", line 21, in handle
    data = execute_cmd(cmd)
  File "/home/ilhmndn/frappe-training/apps/frappe/frappe/handler.py", line 56, in execute_cmd
    return frappe.call(method, **frappe.form_dict)
  File "/home/ilhmndn/frappe-training/apps/frappe/frappe/__init__.py", line 1019, in call
    return fn(*args, **newargs)
  File "/home/ilhmndn/frappe-training/apps/frappe/frappe/desk/form/save.py", line 19, in savedocs
    doc.submit()
  File "/home/ilhmndn/frappe-training/apps/frappe/frappe/model/document.py", line 848, in submit
    self._submit()
  File "/home/ilhmndn/frappe-training/apps/frappe/frappe/model/document.py", line 837, in _submit
    self.save()
  File "/home/ilhmndn/frappe-training/apps/frappe/frappe/model/document.py", line 260, in save
    return self._save(*args, **kwargs)
  File "/home/ilhmndn/frappe-training/apps/frappe/frappe/model/document.py", line 313, in _save
    self.run_post_save_methods()
  File "/home/ilhmndn/frappe-training/apps/frappe/frappe/model/document.py", line 908, in run_post_save_methods
    self.run_method("on_submit")
  File "/home/ilhmndn/frappe-training/apps/frappe/frappe/model/document.py", line 772, in run_method
    out = Document.hook(fn)(self, *args, **kwargs)
  File "/home/ilhmndn/frappe-training/apps/frappe/frappe/model/document.py", line 1048, in composer
    return composed(self, method, *args, **kwargs)
  File "/home/ilhmndn/frappe-training/apps/frappe/frappe/model/document.py", line 1031, in runner
    add_to_return_value(self, fn(self, *args, **kwargs))
  File "/home/ilhmndn/frappe-training/apps/frappe/frappe/model/document.py", line 766, in <lambda>
    fn = lambda self, *args, **kwargs: getattr(self, method)(*args, **kwargs)
  File "/home/ilhmndn/frappe-training/apps/warehouse/warehouse/warehouse_management_system/doctype/request_pesanan_barang/request_pesanan_barang.py", line 13, in on_submit
    self.on_approve()
  File "/home/ilhmndn/frappe-training/apps/warehouse/warehouse/warehouse_management_system/doctype/request_pesanan_barang/request_pesanan_barang.py", line 35, in on_approve
    self.change_jumlah_barang()
  File "/home/ilhmndn/frappe-training/apps/warehouse/warehouse/warehouse_management_system/doctype/request_pesanan_barang/request_pesanan_barang.py", line 41, in change_jumlah_barang
    barang.jumlah = i.jumlah - i.quantity
NameError: name 'quantity' is not defined

During handling of the above exception, another exception occurred:

Traceback (most recent call last):
  File "/home/ilhmndn/frappe-training/apps/frappe/frappe/utils/error.py", line 36, in make_error_snapshot
    snapshot = get_snapshot(exception)
  File "/home/ilhmndn/frappe-training/apps/frappe/frappe/utils/error.py", line 131, in get_snapshot
    if type(value)==str and value.startswith(b"u'"):
TypeError: startswith first arg must be str or a tuple of str, not bytes
[DEBUG] 2019-06-29 11:06:52,134 | /home/ilhmndn/frappe-training/apps/frappe/frappe/utils/scheduler.py:
Site: mdb.training.local
Queued events for site mdb.training.local
[DEBUG] 2019-06-29 11:06:52,180 | /home/ilhmndn/frappe-training/apps/frappe/frappe/utils/scheduler.py:
Site: warehouse
Queued events for site warehouse
[DEBUG] 2019-06-29 11:07:52,347 | /home/ilhmndn/frappe-training/apps/frappe/frappe/utils/scheduler.py:
Site: mdb.training.local
Queued events for site mdb.training.local
[DEBUG] 2019-06-29 11:07:52,391 | /home/ilhmndn/frappe-training/apps/frappe/frappe/utils/scheduler.py:
Site: warehouse
Queued events for site warehouse
[ERROR] 2019-06-29 11:08:30,162 | /home/ilhmndn/frappe-training/apps/frappe/frappe/app.py:
Site: mdb.training.local
Form Dict: {
 "action": "Submit",
 "cmd": "frappe.desk.form.save.savedocs",
 "doc": "{\"name\":\"RPB-011\",\"owner\":\"Administrator\",\"creation\":\"2019-06-29 11:08:27.616155\",\"modified\":\"2019-06-29 11:08:27.616155\",\"modified_by\":\"Administrator\",\"parent\":null,\"parentfield\":null,\"parenttype\":null,\"idx\":0,\"docstatus\":0,\"naming_series\":\"RPB-.###\",\"id_supplier\":\"SUPPLIER-003\",\"nama_supplier\":\"Ihsan\",\"tanggal_request\":\"2019-06-29\",\"total_harga\":\"151515\",\"amended_from\":null,\"doctype\":\"Request Pesanan Barang\",\"request_line_pesanan\":[{\"name\":\"6d0daef5c5\",\"owner\":\"Administrator\",\"creation\":\"2019-06-29 11:08:27.616155\",\"modified\":\"2019-06-29 11:08:27.616155\",\"modified_by\":\"Administrator\",\"parent\":\"RPB-011\",\"parentfield\":\"request_line_pesanan\",\"parenttype\":\"Request Pesanan Barang\",\"idx\":1,\"docstatus\":0,\"kode_barang\":\"BARANG-003\",\"nama_barang\":\"Batu Ringan Citicon\",\"jenis_barang\":\"Bata Ringan\",\"satuan\":\"M3\",\"harga\":\"740000\",\"quantity\":\"1\",\"jumlah\":\"45\",\"doctype\":\"Request Line Pesanan\"}],\"__last_sync_on\":\"2019-06-29T04:08:27.906Z\"}"
}
Request Error
Traceback (most recent call last):
  File "/home/ilhmndn/frappe-training/apps/frappe/frappe/app.py", line 61, in application
    response = frappe.handler.handle()
  File "/home/ilhmndn/frappe-training/apps/frappe/frappe/handler.py", line 21, in handle
    data = execute_cmd(cmd)
  File "/home/ilhmndn/frappe-training/apps/frappe/frappe/handler.py", line 56, in execute_cmd
    return frappe.call(method, **frappe.form_dict)
  File "/home/ilhmndn/frappe-training/apps/frappe/frappe/__init__.py", line 1019, in call
    return fn(*args, **newargs)
  File "/home/ilhmndn/frappe-training/apps/frappe/frappe/desk/form/save.py", line 19, in savedocs
    doc.submit()
  File "/home/ilhmndn/frappe-training/apps/frappe/frappe/model/document.py", line 848, in submit
    self._submit()
  File "/home/ilhmndn/frappe-training/apps/frappe/frappe/model/document.py", line 837, in _submit
    self.save()
  File "/home/ilhmndn/frappe-training/apps/frappe/frappe/model/document.py", line 260, in save
    return self._save(*args, **kwargs)
  File "/home/ilhmndn/frappe-training/apps/frappe/frappe/model/document.py", line 313, in _save
    self.run_post_save_methods()
  File "/home/ilhmndn/frappe-training/apps/frappe/frappe/model/document.py", line 908, in run_post_save_methods
    self.run_method("on_submit")
  File "/home/ilhmndn/frappe-training/apps/frappe/frappe/model/document.py", line 772, in run_method
    out = Document.hook(fn)(self, *args, **kwargs)
  File "/home/ilhmndn/frappe-training/apps/frappe/frappe/model/document.py", line 1048, in composer
    return composed(self, method, *args, **kwargs)
  File "/home/ilhmndn/frappe-training/apps/frappe/frappe/model/document.py", line 1031, in runner
    add_to_return_value(self, fn(self, *args, **kwargs))
  File "/home/ilhmndn/frappe-training/apps/frappe/frappe/model/document.py", line 766, in <lambda>
    fn = lambda self, *args, **kwargs: getattr(self, method)(*args, **kwargs)
  File "/home/ilhmndn/frappe-training/apps/warehouse/warehouse/warehouse_management_system/doctype/request_pesanan_barang/request_pesanan_barang.py", line 13, in on_submit
    self.on_approve()
  File "/home/ilhmndn/frappe-training/apps/warehouse/warehouse/warehouse_management_system/doctype/request_pesanan_barang/request_pesanan_barang.py", line 35, in on_approve
    self.change_jumlah_barang()
  File "/home/ilhmndn/frappe-training/apps/warehouse/warehouse/warehouse_management_system/doctype/request_pesanan_barang/request_pesanan_barang.py", line 41, in change_jumlah_barang
    barang.jumlah = 'jumlah' - 'quantity'
NameError: name 'quantity' is not defined
[ERROR] 2019-06-29 11:08:30,176 | /home/ilhmndn/frappe-training/apps/frappe/frappe/utils/error.py:
Could not take error snapshot: startswith first arg must be str or a tuple of str, not bytes
Traceback (most recent call last):
  File "/home/ilhmndn/frappe-training/apps/frappe/frappe/app.py", line 61, in application
    response = frappe.handler.handle()
  File "/home/ilhmndn/frappe-training/apps/frappe/frappe/handler.py", line 21, in handle
    data = execute_cmd(cmd)
  File "/home/ilhmndn/frappe-training/apps/frappe/frappe/handler.py", line 56, in execute_cmd
    return frappe.call(method, **frappe.form_dict)
  File "/home/ilhmndn/frappe-training/apps/frappe/frappe/__init__.py", line 1019, in call
    return fn(*args, **newargs)
  File "/home/ilhmndn/frappe-training/apps/frappe/frappe/desk/form/save.py", line 19, in savedocs
    doc.submit()
  File "/home/ilhmndn/frappe-training/apps/frappe/frappe/model/document.py", line 848, in submit
    self._submit()
  File "/home/ilhmndn/frappe-training/apps/frappe/frappe/model/document.py", line 837, in _submit
    self.save()
  File "/home/ilhmndn/frappe-training/apps/frappe/frappe/model/document.py", line 260, in save
    return self._save(*args, **kwargs)
  File "/home/ilhmndn/frappe-training/apps/frappe/frappe/model/document.py", line 313, in _save
    self.run_post_save_methods()
  File "/home/ilhmndn/frappe-training/apps/frappe/frappe/model/document.py", line 908, in run_post_save_methods
    self.run_method("on_submit")
  File "/home/ilhmndn/frappe-training/apps/frappe/frappe/model/document.py", line 772, in run_method
    out = Document.hook(fn)(self, *args, **kwargs)
  File "/home/ilhmndn/frappe-training/apps/frappe/frappe/model/document.py", line 1048, in composer
    return composed(self, method, *args, **kwargs)
  File "/home/ilhmndn/frappe-training/apps/frappe/frappe/model/document.py", line 1031, in runner
    add_to_return_value(self, fn(self, *args, **kwargs))
  File "/home/ilhmndn/frappe-training/apps/frappe/frappe/model/document.py", line 766, in <lambda>
    fn = lambda self, *args, **kwargs: getattr(self, method)(*args, **kwargs)
  File "/home/ilhmndn/frappe-training/apps/warehouse/warehouse/warehouse_management_system/doctype/request_pesanan_barang/request_pesanan_barang.py", line 13, in on_submit
    self.on_approve()
  File "/home/ilhmndn/frappe-training/apps/warehouse/warehouse/warehouse_management_system/doctype/request_pesanan_barang/request_pesanan_barang.py", line 35, in on_approve
    self.change_jumlah_barang()
  File "/home/ilhmndn/frappe-training/apps/warehouse/warehouse/warehouse_management_system/doctype/request_pesanan_barang/request_pesanan_barang.py", line 41, in change_jumlah_barang
    barang.jumlah = 'jumlah' - 'quantity'
NameError: name 'quantity' is not defined

During handling of the above exception, another exception occurred:

Traceback (most recent call last):
  File "/home/ilhmndn/frappe-training/apps/frappe/frappe/utils/error.py", line 36, in make_error_snapshot
    snapshot = get_snapshot(exception)
  File "/home/ilhmndn/frappe-training/apps/frappe/frappe/utils/error.py", line 131, in get_snapshot
    if type(value)==str and value.startswith(b"u'"):
TypeError: startswith first arg must be str or a tuple of str, not bytes
[DEBUG] 2019-06-29 11:08:52,615 | /home/ilhmndn/frappe-training/apps/frappe/frappe/utils/scheduler.py:
Site: mdb.training.local
Queued events for site mdb.training.local
[DEBUG] 2019-06-29 11:08:52,791 | /home/ilhmndn/frappe-training/apps/frappe/frappe/utils/scheduler.py:
Site: warehouse
Queued events for site warehouse
[DEBUG] 2019-06-29 11:09:52,931 | /home/ilhmndn/frappe-training/apps/frappe/frappe/utils/scheduler.py:
Site: mdb.training.local
Queued events for site mdb.training.local
[DEBUG] 2019-06-29 11:09:52,977 | /home/ilhmndn/frappe-training/apps/frappe/frappe/utils/scheduler.py:
Site: warehouse
Queued events for site warehouse
[DEBUG] 2019-06-29 11:10:53,369 | /home/ilhmndn/frappe-training/apps/frappe/frappe/utils/scheduler.py:
Site: mdb.training.local
Queued events for site mdb.training.local
[DEBUG] 2019-06-29 11:10:53,439 | /home/ilhmndn/frappe-training/apps/frappe/frappe/utils/scheduler.py:
Site: warehouse
Queued events for site warehouse
[DEBUG] 2019-06-29 11:11:53,850 | /home/ilhmndn/frappe-training/apps/frappe/frappe/utils/scheduler.py:
Site: mdb.training.local
Queued events for site mdb.training.local
[DEBUG] 2019-06-29 11:11:53,900 | /home/ilhmndn/frappe-training/apps/frappe/frappe/utils/scheduler.py:
Site: warehouse
Queued events for site warehouse
[DEBUG] 2019-06-29 11:12:54,110 | /home/ilhmndn/frappe-training/apps/frappe/frappe/utils/scheduler.py:
Site: mdb.training.local
Queued events for site mdb.training.local
[DEBUG] 2019-06-29 11:12:54,271 | /home/ilhmndn/frappe-training/apps/frappe/frappe/utils/scheduler.py:
Site: warehouse
Queued events for site warehouse
[DEBUG] 2019-06-29 11:13:54,412 | /home/ilhmndn/frappe-training/apps/frappe/frappe/utils/scheduler.py:
Site: mdb.training.local
Queued events for site mdb.training.local
[DEBUG] 2019-06-29 11:13:54,457 | /home/ilhmndn/frappe-training/apps/frappe/frappe/utils/scheduler.py:
Site: warehouse
Queued events for site warehouse
[DEBUG] 2019-06-29 11:14:54,609 | /home/ilhmndn/frappe-training/apps/frappe/frappe/utils/scheduler.py:
Site: mdb.training.local
Queued events for site mdb.training.local
[DEBUG] 2019-06-29 11:14:54,684 | /home/ilhmndn/frappe-training/apps/frappe/frappe/utils/scheduler.py:
Site: warehouse
Queued events for site warehouse
[DEBUG] 2019-06-29 11:15:54,807 | /home/ilhmndn/frappe-training/apps/frappe/frappe/utils/scheduler.py:
Site: mdb.training.local
Queued events for site mdb.training.local
[DEBUG] 2019-06-29 11:15:54,872 | /home/ilhmndn/frappe-training/apps/frappe/frappe/utils/scheduler.py:
Site: warehouse
Queued events for site warehouse
[DEBUG] 2019-06-29 11:17:46,787 | /home/ilhmndn/frappe-training/apps/frappe/frappe/utils/scheduler.py:
Site: mdb.training.local
Queued events for site mdb.training.local
[DEBUG] 2019-06-29 11:17:47,126 | /home/ilhmndn/frappe-training/apps/frappe/frappe/utils/scheduler.py:
Site: warehouse
Queued events for site warehouse
[DEBUG] 2019-06-29 11:18:47,291 | /home/ilhmndn/frappe-training/apps/frappe/frappe/utils/scheduler.py:
Site: mdb.training.local
Queued events for site mdb.training.local
[DEBUG] 2019-06-29 11:18:47,345 | /home/ilhmndn/frappe-training/apps/frappe/frappe/utils/scheduler.py:
Site: warehouse
Queued events for site warehouse
[DEBUG] 2019-06-29 11:19:47,494 | /home/ilhmndn/frappe-training/apps/frappe/frappe/utils/scheduler.py:
Site: mdb.training.local
Queued events for site mdb.training.local
[DEBUG] 2019-06-29 11:19:47,561 | /home/ilhmndn/frappe-training/apps/frappe/frappe/utils/scheduler.py:
Site: warehouse
Queued events for site warehouse
[DEBUG] 2019-06-29 11:20:47,816 | /home/ilhmndn/frappe-training/apps/frappe/frappe/utils/scheduler.py:
Site: mdb.training.local
Queued events for site mdb.training.local
[DEBUG] 2019-06-29 11:20:48,010 | /home/ilhmndn/frappe-training/apps/frappe/frappe/utils/scheduler.py:
Site: warehouse
Queued events for site warehouse
[DEBUG] 2019-06-29 11:21:48,400 | /home/ilhmndn/frappe-training/apps/frappe/frappe/utils/scheduler.py:
Site: mdb.training.local
Queued events for site mdb.training.local
[DEBUG] 2019-06-29 11:21:48,483 | /home/ilhmndn/frappe-training/apps/frappe/frappe/utils/scheduler.py:
Site: warehouse
Queued events for site warehouse
[DEBUG] 2019-06-29 11:22:48,628 | /home/ilhmndn/frappe-training/apps/frappe/frappe/utils/scheduler.py:
Site: mdb.training.local
Queued events for site mdb.training.local
[DEBUG] 2019-06-29 11:22:48,676 | /home/ilhmndn/frappe-training/apps/frappe/frappe/utils/scheduler.py:
Site: warehouse
Queued events for site warehouse
[DEBUG] 2019-06-29 11:23:48,848 | /home/ilhmndn/frappe-training/apps/frappe/frappe/utils/scheduler.py:
Site: mdb.training.local
Queued events for site mdb.training.local
[DEBUG] 2019-06-29 11:23:48,915 | /home/ilhmndn/frappe-training/apps/frappe/frappe/utils/scheduler.py:
Site: warehouse
Queued events for site warehouse
[DEBUG] 2019-06-29 11:24:49,169 | /home/ilhmndn/frappe-training/apps/frappe/frappe/utils/scheduler.py:
Site: mdb.training.local
Queued events for site mdb.training.local
[DEBUG] 2019-06-29 11:24:49,321 | /home/ilhmndn/frappe-training/apps/frappe/frappe/utils/scheduler.py:
Site: warehouse
Queued events for site warehouse
[DEBUG] 2019-06-29 11:25:49,460 | /home/ilhmndn/frappe-training/apps/frappe/frappe/utils/scheduler.py:
Site: mdb.training.local
Queued events for site mdb.training.local
[DEBUG] 2019-06-29 11:25:49,505 | /home/ilhmndn/frappe-training/apps/frappe/frappe/utils/scheduler.py:
Site: warehouse
Queued events for site warehouse
[DEBUG] 2019-06-29 11:26:49,653 | /home/ilhmndn/frappe-training/apps/frappe/frappe/utils/scheduler.py:
Site: mdb.training.local
Queued events for site mdb.training.local
[DEBUG] 2019-06-29 11:26:49,721 | /home/ilhmndn/frappe-training/apps/frappe/frappe/utils/scheduler.py:
Site: warehouse
Queued events for site warehouse
[DEBUG] 2019-06-29 11:27:49,852 | /home/ilhmndn/frappe-training/apps/frappe/frappe/utils/scheduler.py:
Site: mdb.training.local
Queued events for site mdb.training.local
[DEBUG] 2019-06-29 11:27:49,906 | /home/ilhmndn/frappe-training/apps/frappe/frappe/utils/scheduler.py:
Site: warehouse
Queued events for site warehouse
[DEBUG] 2019-06-29 11:28:50,201 | /home/ilhmndn/frappe-training/apps/frappe/frappe/utils/scheduler.py:
Site: mdb.training.local
Queued events for site mdb.training.local
[DEBUG] 2019-06-29 11:28:50,619 | /home/ilhmndn/frappe-training/apps/frappe/frappe/utils/scheduler.py:
Site: warehouse
Queued events for site warehouse
[DEBUG] 2019-06-29 11:29:50,762 | /home/ilhmndn/frappe-training/apps/frappe/frappe/utils/scheduler.py:
Site: mdb.training.local
Queued events for site mdb.training.local
[DEBUG] 2019-06-29 11:29:50,827 | /home/ilhmndn/frappe-training/apps/frappe/frappe/utils/scheduler.py:
Site: warehouse
Queued events for site warehouse
[DEBUG] 2019-06-29 11:30:51,224 | /home/ilhmndn/frappe-training/apps/frappe/frappe/utils/scheduler.py:
Site: mdb.training.local
Queued events for site mdb.training.local
[DEBUG] 2019-06-29 11:30:51,304 | /home/ilhmndn/frappe-training/apps/frappe/frappe/utils/scheduler.py:
Site: warehouse
Queued events for site warehouse
[DEBUG] 2019-06-29 11:31:51,454 | /home/ilhmndn/frappe-training/apps/frappe/frappe/utils/scheduler.py:
Site: mdb.training.local
Queued events for site mdb.training.local
[DEBUG] 2019-06-29 11:31:51,516 | /home/ilhmndn/frappe-training/apps/frappe/frappe/utils/scheduler.py:
Site: warehouse
Queued events for site warehouse
[DEBUG] 2019-06-29 11:32:52,011 | /home/ilhmndn/frappe-training/apps/frappe/frappe/utils/scheduler.py:
Site: mdb.training.local
Queued events for site mdb.training.local
[DEBUG] 2019-06-29 11:32:52,222 | /home/ilhmndn/frappe-training/apps/frappe/frappe/utils/scheduler.py:
Site: warehouse
Queued events for site warehouse
[DEBUG] 2019-06-29 11:33:52,738 | /home/ilhmndn/frappe-training/apps/frappe/frappe/utils/scheduler.py:
Site: mdb.training.local
Queued events for site mdb.training.local
[DEBUG] 2019-06-29 11:33:52,807 | /home/ilhmndn/frappe-training/apps/frappe/frappe/utils/scheduler.py:
Site: warehouse
Queued events for site warehouse
[DEBUG] 2019-06-29 11:34:52,986 | /home/ilhmndn/frappe-training/apps/frappe/frappe/utils/scheduler.py:
Site: mdb.training.local
Queued events for site mdb.training.local
[DEBUG] 2019-06-29 11:34:53,052 | /home/ilhmndn/frappe-training/apps/frappe/frappe/utils/scheduler.py:
Site: warehouse
Queued events for site warehouse
[DEBUG] 2019-06-29 11:35:53,202 | /home/ilhmndn/frappe-training/apps/frappe/frappe/utils/scheduler.py:
Site: mdb.training.local
Queued events for site mdb.training.local
[DEBUG] 2019-06-29 11:35:53,283 | /home/ilhmndn/frappe-training/apps/frappe/frappe/utils/scheduler.py:
Site: warehouse
Queued events for site warehouse
[DEBUG] 2019-06-29 11:36:53,531 | /home/ilhmndn/frappe-training/apps/frappe/frappe/utils/scheduler.py:
Site: mdb.training.local
Queued events for site mdb.training.local
[DEBUG] 2019-06-29 11:36:53,779 | /home/ilhmndn/frappe-training/apps/frappe/frappe/utils/scheduler.py:
Site: warehouse
Queued events for site warehouse
[DEBUG] 2019-06-29 11:37:54,196 | /home/ilhmndn/frappe-training/apps/frappe/frappe/utils/scheduler.py:
Site: mdb.training.local
Queued events for site mdb.training.local
[DEBUG] 2019-06-29 11:37:54,252 | /home/ilhmndn/frappe-training/apps/frappe/frappe/utils/scheduler.py:
Site: warehouse
Queued events for site warehouse
[DEBUG] 2019-06-29 11:38:54,397 | /home/ilhmndn/frappe-training/apps/frappe/frappe/utils/scheduler.py:
Site: mdb.training.local
Queued events for site mdb.training.local
[DEBUG] 2019-06-29 11:38:54,464 | /home/ilhmndn/frappe-training/apps/frappe/frappe/utils/scheduler.py:
Site: warehouse
Queued events for site warehouse
[DEBUG] 2019-06-29 11:39:54,647 | /home/ilhmndn/frappe-training/apps/frappe/frappe/utils/scheduler.py:
Site: mdb.training.local
Queued events for site mdb.training.local
[DEBUG] 2019-06-29 11:39:54,722 | /home/ilhmndn/frappe-training/apps/frappe/frappe/utils/scheduler.py:
Site: warehouse
Queued events for site warehouse
[DEBUG] 2019-06-29 11:40:54,957 | /home/ilhmndn/frappe-training/apps/frappe/frappe/utils/scheduler.py:
Site: mdb.training.local
Queued events for site mdb.training.local
[DEBUG] 2019-06-29 11:40:55,146 | /home/ilhmndn/frappe-training/apps/frappe/frappe/utils/scheduler.py:
Site: warehouse
Queued events for site warehouse
[DEBUG] 2019-06-29 11:41:55,291 | /home/ilhmndn/frappe-training/apps/frappe/frappe/utils/scheduler.py:
Site: mdb.training.local
Queued events for site mdb.training.local
[DEBUG] 2019-06-29 11:41:55,345 | /home/ilhmndn/frappe-training/apps/frappe/frappe/utils/scheduler.py:
Site: warehouse
Queued events for site warehouse
[DEBUG] 2019-06-29 11:42:55,463 | /home/ilhmndn/frappe-training/apps/frappe/frappe/utils/scheduler.py:
Site: mdb.training.local
Queued events for site mdb.training.local
[DEBUG] 2019-06-29 11:42:55,510 | /home/ilhmndn/frappe-training/apps/frappe/frappe/utils/scheduler.py:
Site: warehouse
Queued events for site warehouse
[DEBUG] 2019-06-29 11:43:55,694 | /home/ilhmndn/frappe-training/apps/frappe/frappe/utils/scheduler.py:
Site: mdb.training.local
Queued events for site mdb.training.local
[DEBUG] 2019-06-29 11:43:55,749 | /home/ilhmndn/frappe-training/apps/frappe/frappe/utils/scheduler.py:
Site: warehouse
Queued events for site warehouse
[DEBUG] 2019-06-29 11:44:55,981 | /home/ilhmndn/frappe-training/apps/frappe/frappe/utils/scheduler.py:
Site: mdb.training.local
Queued events for site mdb.training.local
[DEBUG] 2019-06-29 11:44:56,174 | /home/ilhmndn/frappe-training/apps/frappe/frappe/utils/scheduler.py:
Site: warehouse
Queued events for site warehouse
[DEBUG] 2019-06-29 11:45:56,339 | /home/ilhmndn/frappe-training/apps/frappe/frappe/utils/scheduler.py:
Site: mdb.training.local
Queued events for site mdb.training.local
[DEBUG] 2019-06-29 11:45:56,400 | /home/ilhmndn/frappe-training/apps/frappe/frappe/utils/scheduler.py:
Site: warehouse
Queued events for site warehouse
[DEBUG] 2019-06-29 11:46:56,555 | /home/ilhmndn/frappe-training/apps/frappe/frappe/utils/scheduler.py:
Site: mdb.training.local
Queued events for site mdb.training.local
[DEBUG] 2019-06-29 11:46:56,630 | /home/ilhmndn/frappe-training/apps/frappe/frappe/utils/scheduler.py:
Site: warehouse
Queued events for site warehouse
[DEBUG] 2019-06-29 11:47:56,773 | /home/ilhmndn/frappe-training/apps/frappe/frappe/utils/scheduler.py:
Site: mdb.training.local
Queued events for site mdb.training.local
[DEBUG] 2019-06-29 11:47:56,828 | /home/ilhmndn/frappe-training/apps/frappe/frappe/utils/scheduler.py:
Site: warehouse
Queued events for site warehouse
[DEBUG] 2019-06-29 11:48:57,086 | /home/ilhmndn/frappe-training/apps/frappe/frappe/utils/scheduler.py:
Site: mdb.training.local
Queued events for site mdb.training.local
[DEBUG] 2019-06-29 11:48:57,235 | /home/ilhmndn/frappe-training/apps/frappe/frappe/utils/scheduler.py:
Site: warehouse
Queued events for site warehouse
[DEBUG] 2019-06-29 11:49:57,380 | /home/ilhmndn/frappe-training/apps/frappe/frappe/utils/scheduler.py:
Site: mdb.training.local
Queued events for site mdb.training.local
[DEBUG] 2019-06-29 11:49:57,430 | /home/ilhmndn/frappe-training/apps/frappe/frappe/utils/scheduler.py:
Site: warehouse
Queued events for site warehouse
[DEBUG] 2019-06-29 11:50:57,576 | /home/ilhmndn/frappe-training/apps/frappe/frappe/utils/scheduler.py:
Site: mdb.training.local
Queued events for site mdb.training.local
[DEBUG] 2019-06-29 11:50:57,636 | /home/ilhmndn/frappe-training/apps/frappe/frappe/utils/scheduler.py:
Site: warehouse
Queued events for site warehouse
[DEBUG] 2019-06-29 11:51:57,795 | /home/ilhmndn/frappe-training/apps/frappe/frappe/utils/scheduler.py:
Site: mdb.training.local
Queued events for site mdb.training.local
[DEBUG] 2019-06-29 11:51:57,853 | /home/ilhmndn/frappe-training/apps/frappe/frappe/utils/scheduler.py:
Site: warehouse
Queued events for site warehouse
[DEBUG] 2019-06-29 11:52:58,104 | /home/ilhmndn/frappe-training/apps/frappe/frappe/utils/scheduler.py:
Site: mdb.training.local
Queued events for site mdb.training.local
[DEBUG] 2019-06-29 11:52:58,301 | /home/ilhmndn/frappe-training/apps/frappe/frappe/utils/scheduler.py:
Site: warehouse
Queued events for site warehouse
[DEBUG] 2019-06-29 11:53:58,465 | /home/ilhmndn/frappe-training/apps/frappe/frappe/utils/scheduler.py:
Site: mdb.training.local
Queued events for site mdb.training.local
[DEBUG] 2019-06-29 11:53:58,541 | /home/ilhmndn/frappe-training/apps/frappe/frappe/utils/scheduler.py:
Site: warehouse
Queued events for site warehouse
[DEBUG] 2019-06-29 11:54:58,683 | /home/ilhmndn/frappe-training/apps/frappe/frappe/utils/scheduler.py:
Site: mdb.training.local
Queued events for site mdb.training.local
[DEBUG] 2019-06-29 11:54:58,762 | /home/ilhmndn/frappe-training/apps/frappe/frappe/utils/scheduler.py:
Site: warehouse
Queued events for site warehouse
[DEBUG] 2019-06-29 11:55:58,934 | /home/ilhmndn/frappe-training/apps/frappe/frappe/utils/scheduler.py:
Site: mdb.training.local
Queued events for site mdb.training.local
[DEBUG] 2019-06-29 11:55:58,979 | /home/ilhmndn/frappe-training/apps/frappe/frappe/utils/scheduler.py:
Site: warehouse
Queued events for site warehouse
[DEBUG] 2019-06-29 11:56:59,218 | /home/ilhmndn/frappe-training/apps/frappe/frappe/utils/scheduler.py:
Site: mdb.training.local
Queued events for site mdb.training.local
[DEBUG] 2019-06-29 11:56:59,440 | /home/ilhmndn/frappe-training/apps/frappe/frappe/utils/scheduler.py:
Site: warehouse
Queued events for site warehouse
[DEBUG] 2019-06-29 11:58:00,109 | /home/ilhmndn/frappe-training/apps/frappe/frappe/utils/scheduler.py:
Site: mdb.training.local
Queued events for site mdb.training.local
[DEBUG] 2019-06-29 11:58:00,176 | /home/ilhmndn/frappe-training/apps/frappe/frappe/utils/scheduler.py:
Site: warehouse
Queued events for site warehouse
[DEBUG] 2019-06-29 11:59:00,326 | /home/ilhmndn/frappe-training/apps/frappe/frappe/utils/scheduler.py:
Site: mdb.training.local
Queued events for site mdb.training.local
[DEBUG] 2019-06-29 11:59:00,379 | /home/ilhmndn/frappe-training/apps/frappe/frappe/utils/scheduler.py:
Site: warehouse
Queued events for site warehouse
[DEBUG] 2019-06-29 12:00:00,666 | /home/ilhmndn/frappe-training/apps/frappe/frappe/utils/scheduler.py:
Site: mdb.training.local
Queued events for site mdb.training.local
[DEBUG] 2019-06-29 12:00:00,929 | /home/ilhmndn/frappe-training/apps/frappe/frappe/utils/scheduler.py:
Site: warehouse
Queued events for site warehouse
[DEBUG] 2019-06-29 12:01:01,100 | /home/ilhmndn/frappe-training/apps/frappe/frappe/utils/scheduler.py:
Site: mdb.training.local
Queued events for site mdb.training.local
[DEBUG] 2019-06-29 12:01:01,153 | /home/ilhmndn/frappe-training/apps/frappe/frappe/utils/scheduler.py:
Site: warehouse
Queued events for site warehouse
[DEBUG] 2019-06-29 12:02:01,349 | /home/ilhmndn/frappe-training/apps/frappe/frappe/utils/scheduler.py:
Site: mdb.training.local
Queued events for site mdb.training.local
[DEBUG] 2019-06-29 12:02:01,417 | /home/ilhmndn/frappe-training/apps/frappe/frappe/utils/scheduler.py:
Site: warehouse
Queued events for site warehouse
[DEBUG] 2019-06-29 12:03:01,576 | /home/ilhmndn/frappe-training/apps/frappe/frappe/utils/scheduler.py:
Site: mdb.training.local
Queued events for site mdb.training.local
[DEBUG] 2019-06-29 12:03:01,653 | /home/ilhmndn/frappe-training/apps/frappe/frappe/utils/scheduler.py:
Site: warehouse
Queued events for site warehouse
[DEBUG] 2019-06-29 12:04:01,897 | /home/ilhmndn/frappe-training/apps/frappe/frappe/utils/scheduler.py:
Site: mdb.training.local
Queued events for site mdb.training.local
[DEBUG] 2019-06-29 12:04:02,122 | /home/ilhmndn/frappe-training/apps/frappe/frappe/utils/scheduler.py:
Site: warehouse
Queued events for site warehouse
[DEBUG] 2019-06-29 12:05:02,267 | /home/ilhmndn/frappe-training/apps/frappe/frappe/utils/scheduler.py:
Site: mdb.training.local
Queued events for site mdb.training.local
[DEBUG] 2019-06-29 12:05:02,325 | /home/ilhmndn/frappe-training/apps/frappe/frappe/utils/scheduler.py:
Site: warehouse
Queued events for site warehouse
[DEBUG] 2019-06-29 12:06:02,464 | /home/ilhmndn/frappe-training/apps/frappe/frappe/utils/scheduler.py:
Site: mdb.training.local
Queued events for site mdb.training.local
[DEBUG] 2019-06-29 12:06:02,520 | /home/ilhmndn/frappe-training/apps/frappe/frappe/utils/scheduler.py:
Site: warehouse
Queued events for site warehouse
[DEBUG] 2019-06-29 12:07:02,679 | /home/ilhmndn/frappe-training/apps/frappe/frappe/utils/scheduler.py:
Site: mdb.training.local
Queued events for site mdb.training.local
[DEBUG] 2019-06-29 12:07:02,766 | /home/ilhmndn/frappe-training/apps/frappe/frappe/utils/scheduler.py:
Site: warehouse
Queued events for site warehouse
[DEBUG] 2019-06-29 12:08:03,033 | /home/ilhmndn/frappe-training/apps/frappe/frappe/utils/scheduler.py:
Site: mdb.training.local
Queued events for site mdb.training.local
[DEBUG] 2019-06-29 12:08:03,236 | /home/ilhmndn/frappe-training/apps/frappe/frappe/utils/scheduler.py:
Site: warehouse
Queued events for site warehouse
[DEBUG] 2019-06-29 12:09:03,420 | /home/ilhmndn/frappe-training/apps/frappe/frappe/utils/scheduler.py:
Site: mdb.training.local
Queued events for site mdb.training.local
[DEBUG] 2019-06-29 12:09:03,480 | /home/ilhmndn/frappe-training/apps/frappe/frappe/utils/scheduler.py:
Site: warehouse
Queued events for site warehouse
[DEBUG] 2019-06-29 12:10:11,636 | /home/ilhmndn/frappe-training/apps/frappe/frappe/utils/scheduler.py:
Site: mdb.training.local
Queued events for site mdb.training.local
[DEBUG] 2019-06-29 12:10:12,129 | /home/ilhmndn/frappe-training/apps/frappe/frappe/utils/scheduler.py:
Site: warehouse
Queued events for site warehouse
[DEBUG] 2019-06-29 12:11:12,309 | /home/ilhmndn/frappe-training/apps/frappe/frappe/utils/scheduler.py:
Site: mdb.training.local
Queued events for site mdb.training.local
[DEBUG] 2019-06-29 12:11:12,360 | /home/ilhmndn/frappe-training/apps/frappe/frappe/utils/scheduler.py:
Site: warehouse
Queued events for site warehouse
[DEBUG] 2019-06-29 12:12:12,651 | /home/ilhmndn/frappe-training/apps/frappe/frappe/utils/scheduler.py:
Site: mdb.training.local
Queued events for site mdb.training.local
[DEBUG] 2019-06-29 12:12:12,864 | /home/ilhmndn/frappe-training/apps/frappe/frappe/utils/scheduler.py:
Site: warehouse
Queued events for site warehouse
[DEBUG] 2019-06-29 12:13:13,033 | /home/ilhmndn/frappe-training/apps/frappe/frappe/utils/scheduler.py:
Site: mdb.training.local
Queued events for site mdb.training.local
[DEBUG] 2019-06-29 12:13:13,082 | /home/ilhmndn/frappe-training/apps/frappe/frappe/utils/scheduler.py:
Site: warehouse
Queued events for site warehouse
[DEBUG] 2019-06-29 12:14:13,248 | /home/ilhmndn/frappe-training/apps/frappe/frappe/utils/scheduler.py:
Site: mdb.training.local
Queued events for site mdb.training.local
[DEBUG] 2019-06-29 12:14:13,298 | /home/ilhmndn/frappe-training/apps/frappe/frappe/utils/scheduler.py:
Site: warehouse
Queued events for site warehouse
[DEBUG] 2019-06-29 12:15:13,426 | /home/ilhmndn/frappe-training/apps/frappe/frappe/utils/scheduler.py:
Site: mdb.training.local
Queued events for site mdb.training.local
[DEBUG] 2019-06-29 12:15:13,481 | /home/ilhmndn/frappe-training/apps/frappe/frappe/utils/scheduler.py:
Site: warehouse
Queued events for site warehouse
[DEBUG] 2019-06-29 12:16:13,727 | /home/ilhmndn/frappe-training/apps/frappe/frappe/utils/scheduler.py:
Site: mdb.training.local
Queued events for site mdb.training.local
[DEBUG] 2019-06-29 12:16:13,878 | /home/ilhmndn/frappe-training/apps/frappe/frappe/utils/scheduler.py:
Site: warehouse
Queued events for site warehouse
[DEBUG] 2019-06-29 12:17:14,018 | /home/ilhmndn/frappe-training/apps/frappe/frappe/utils/scheduler.py:
Site: mdb.training.local
Queued events for site mdb.training.local
[DEBUG] 2019-06-29 12:17:14,062 | /home/ilhmndn/frappe-training/apps/frappe/frappe/utils/scheduler.py:
Site: warehouse
Queued events for site warehouse
[DEBUG] 2019-06-29 12:18:14,223 | /home/ilhmndn/frappe-training/apps/frappe/frappe/utils/scheduler.py:
Site: mdb.training.local
Queued events for site mdb.training.local
[DEBUG] 2019-06-29 12:18:14,278 | /home/ilhmndn/frappe-training/apps/frappe/frappe/utils/scheduler.py:
Site: warehouse
Queued events for site warehouse
[DEBUG] 2019-06-29 12:19:14,467 | /home/ilhmndn/frappe-training/apps/frappe/frappe/utils/scheduler.py:
Site: mdb.training.local
Queued events for site mdb.training.local
[DEBUG] 2019-06-29 12:19:14,543 | /home/ilhmndn/frappe-training/apps/frappe/frappe/utils/scheduler.py:
Site: warehouse
Queued events for site warehouse
[DEBUG] 2019-06-29 12:20:14,774 | /home/ilhmndn/frappe-training/apps/frappe/frappe/utils/scheduler.py:
Site: mdb.training.local
Queued events for site mdb.training.local
[DEBUG] 2019-06-29 12:20:14,955 | /home/ilhmndn/frappe-training/apps/frappe/frappe/utils/scheduler.py:
Site: warehouse
Queued events for site warehouse
[DEBUG] 2019-06-29 12:21:15,105 | /home/ilhmndn/frappe-training/apps/frappe/frappe/utils/scheduler.py:
Site: mdb.training.local
Queued events for site mdb.training.local
[DEBUG] 2019-06-29 12:21:15,175 | /home/ilhmndn/frappe-training/apps/frappe/frappe/utils/scheduler.py:
Site: warehouse
Queued events for site warehouse
[DEBUG] 2019-06-29 12:22:15,318 | /home/ilhmndn/frappe-training/apps/frappe/frappe/utils/scheduler.py:
Site: mdb.training.local
Queued events for site mdb.training.local
[DEBUG] 2019-06-29 12:22:15,375 | /home/ilhmndn/frappe-training/apps/frappe/frappe/utils/scheduler.py:
Site: warehouse
Queued events for site warehouse
[DEBUG] 2019-06-29 12:23:15,522 | /home/ilhmndn/frappe-training/apps/frappe/frappe/utils/scheduler.py:
Site: mdb.training.local
Queued events for site mdb.training.local
[DEBUG] 2019-06-29 12:23:15,578 | /home/ilhmndn/frappe-training/apps/frappe/frappe/utils/scheduler.py:
Site: warehouse
Queued events for site warehouse
[DEBUG] 2019-06-29 12:24:15,842 | /home/ilhmndn/frappe-training/apps/frappe/frappe/utils/scheduler.py:
Site: mdb.training.local
Queued events for site mdb.training.local
[DEBUG] 2019-06-29 12:24:16,126 | /home/ilhmndn/frappe-training/apps/frappe/frappe/utils/scheduler.py:
Site: warehouse
Queued events for site warehouse
[DEBUG] 2019-06-29 12:25:16,298 | /home/ilhmndn/frappe-training/apps/frappe/frappe/utils/scheduler.py:
Site: mdb.training.local
Queued events for site mdb.training.local
[DEBUG] 2019-06-29 12:25:16,359 | /home/ilhmndn/frappe-training/apps/frappe/frappe/utils/scheduler.py:
Site: warehouse
Queued events for site warehouse
[DEBUG] 2019-06-29 12:26:16,536 | /home/ilhmndn/frappe-training/apps/frappe/frappe/utils/scheduler.py:
Site: mdb.training.local
Queued events for site mdb.training.local
[DEBUG] 2019-06-29 12:26:16,593 | /home/ilhmndn/frappe-training/apps/frappe/frappe/utils/scheduler.py:
Site: warehouse
Queued events for site warehouse
[DEBUG] 2019-06-29 12:27:16,770 | /home/ilhmndn/frappe-training/apps/frappe/frappe/utils/scheduler.py:
Site: mdb.training.local
Queued events for site mdb.training.local
[DEBUG] 2019-06-29 12:27:16,859 | /home/ilhmndn/frappe-training/apps/frappe/frappe/utils/scheduler.py:
Site: warehouse
Queued events for site warehouse
[DEBUG] 2019-06-29 12:28:17,128 | /home/ilhmndn/frappe-training/apps/frappe/frappe/utils/scheduler.py:
Site: mdb.training.local
Queued events for site mdb.training.local
[DEBUG] 2019-06-29 12:28:17,341 | /home/ilhmndn/frappe-training/apps/frappe/frappe/utils/scheduler.py:
Site: warehouse
Queued events for site warehouse
[DEBUG] 2019-06-29 12:29:17,560 | /home/ilhmndn/frappe-training/apps/frappe/frappe/utils/scheduler.py:
Site: mdb.training.local
Queued events for site mdb.training.local
[DEBUG] 2019-06-29 12:29:17,612 | /home/ilhmndn/frappe-training/apps/frappe/frappe/utils/scheduler.py:
Site: warehouse
Queued events for site warehouse
[DEBUG] 2019-06-29 12:30:17,743 | /home/ilhmndn/frappe-training/apps/frappe/frappe/utils/scheduler.py:
Site: mdb.training.local
Queued events for site mdb.training.local
[DEBUG] 2019-06-29 12:30:17,806 | /home/ilhmndn/frappe-training/apps/frappe/frappe/utils/scheduler.py:
Site: warehouse
Queued events for site warehouse
[DEBUG] 2019-06-29 12:31:17,951 | /home/ilhmndn/frappe-training/apps/frappe/frappe/utils/scheduler.py:
Site: mdb.training.local
Queued events for site mdb.training.local
[DEBUG] 2019-06-29 12:31:18,003 | /home/ilhmndn/frappe-training/apps/frappe/frappe/utils/scheduler.py:
Site: warehouse
Queued events for site warehouse
[DEBUG] 2019-06-29 12:32:18,223 | /home/ilhmndn/frappe-training/apps/frappe/frappe/utils/scheduler.py:
Site: mdb.training.local
Queued events for site mdb.training.local
[DEBUG] 2019-06-29 12:32:18,423 | /home/ilhmndn/frappe-training/apps/frappe/frappe/utils/scheduler.py:
Site: warehouse
Queued events for site warehouse
[DEBUG] 2019-06-29 12:33:18,570 | /home/ilhmndn/frappe-training/apps/frappe/frappe/utils/scheduler.py:
Site: mdb.training.local
Queued events for site mdb.training.local
[DEBUG] 2019-06-29 12:33:18,645 | /home/ilhmndn/frappe-training/apps/frappe/frappe/utils/scheduler.py:
Site: warehouse
Queued events for site warehouse
[DEBUG] 2019-06-29 12:34:18,797 | /home/ilhmndn/frappe-training/apps/frappe/frappe/utils/scheduler.py:
Site: mdb.training.local
Queued events for site mdb.training.local
[DEBUG] 2019-06-29 12:34:18,848 | /home/ilhmndn/frappe-training/apps/frappe/frappe/utils/scheduler.py:
Site: warehouse
Queued events for site warehouse
[DEBUG] 2019-06-29 12:35:19,073 | /home/ilhmndn/frappe-training/apps/frappe/frappe/utils/scheduler.py:
Site: mdb.training.local
Queued events for site mdb.training.local
[DEBUG] 2019-06-29 12:35:19,148 | /home/ilhmndn/frappe-training/apps/frappe/frappe/utils/scheduler.py:
Site: warehouse
Queued events for site warehouse
[DEBUG] 2019-06-29 12:36:19,391 | /home/ilhmndn/frappe-training/apps/frappe/frappe/utils/scheduler.py:
Site: mdb.training.local
Queued events for site mdb.training.local
[DEBUG] 2019-06-29 12:36:19,661 | /home/ilhmndn/frappe-training/apps/frappe/frappe/utils/scheduler.py:
Site: warehouse
Queued events for site warehouse
[DEBUG] 2019-06-29 12:37:19,815 | /home/ilhmndn/frappe-training/apps/frappe/frappe/utils/scheduler.py:
Site: mdb.training.local
Queued events for site mdb.training.local
[DEBUG] 2019-06-29 12:37:19,871 | /home/ilhmndn/frappe-training/apps/frappe/frappe/utils/scheduler.py:
Site: warehouse
Queued events for site warehouse
[DEBUG] 2019-06-29 12:38:20,049 | /home/ilhmndn/frappe-training/apps/frappe/frappe/utils/scheduler.py:
Site: mdb.training.local
Queued events for site mdb.training.local
[DEBUG] 2019-06-29 12:38:20,132 | /home/ilhmndn/frappe-training/apps/frappe/frappe/utils/scheduler.py:
Site: warehouse
Queued events for site warehouse
[DEBUG] 2019-06-29 12:39:20,291 | /home/ilhmndn/frappe-training/apps/frappe/frappe/utils/scheduler.py:
Site: mdb.training.local
Queued events for site mdb.training.local
[DEBUG] 2019-06-29 12:39:20,350 | /home/ilhmndn/frappe-training/apps/frappe/frappe/utils/scheduler.py:
Site: warehouse
Queued events for site warehouse
[DEBUG] 2019-06-29 12:40:20,602 | /home/ilhmndn/frappe-training/apps/frappe/frappe/utils/scheduler.py:
Site: mdb.training.local
Queued events for site mdb.training.local
[DEBUG] 2019-06-29 12:40:20,802 | /home/ilhmndn/frappe-training/apps/frappe/frappe/utils/scheduler.py:
Site: warehouse
Queued events for site warehouse
[DEBUG] 2019-06-29 12:41:20,964 | /home/ilhmndn/frappe-training/apps/frappe/frappe/utils/scheduler.py:
Site: mdb.training.local
Queued events for site mdb.training.local
[DEBUG] 2019-06-29 12:41:21,030 | /home/ilhmndn/frappe-training/apps/frappe/frappe/utils/scheduler.py:
Site: warehouse
Queued events for site warehouse
[DEBUG] 2019-06-29 12:42:21,186 | /home/ilhmndn/frappe-training/apps/frappe/frappe/utils/scheduler.py:
Site: mdb.training.local
Queued events for site mdb.training.local
[DEBUG] 2019-06-29 12:42:21,261 | /home/ilhmndn/frappe-training/apps/frappe/frappe/utils/scheduler.py:
Site: warehouse
Queued events for site warehouse
[DEBUG] 2019-06-29 12:43:21,390 | /home/ilhmndn/frappe-training/apps/frappe/frappe/utils/scheduler.py:
Site: mdb.training.local
Queued events for site mdb.training.local
[DEBUG] 2019-06-29 12:43:21,432 | /home/ilhmndn/frappe-training/apps/frappe/frappe/utils/scheduler.py:
Site: warehouse
Queued events for site warehouse
[DEBUG] 2019-06-29 12:44:21,667 | /home/ilhmndn/frappe-training/apps/frappe/frappe/utils/scheduler.py:
Site: mdb.training.local
Queued events for site mdb.training.local
[DEBUG] 2019-06-29 12:44:21,821 | /home/ilhmndn/frappe-training/apps/frappe/frappe/utils/scheduler.py:
Site: warehouse
Queued events for site warehouse
[DEBUG] 2019-06-29 12:45:21,966 | /home/ilhmndn/frappe-training/apps/frappe/frappe/utils/scheduler.py:
Site: mdb.training.local
Queued events for site mdb.training.local
[DEBUG] 2019-06-29 12:45:22,021 | /home/ilhmndn/frappe-training/apps/frappe/frappe/utils/scheduler.py:
Site: warehouse
Queued events for site warehouse
[DEBUG] 2019-06-29 12:46:22,162 | /home/ilhmndn/frappe-training/apps/frappe/frappe/utils/scheduler.py:
Site: mdb.training.local
Queued events for site mdb.training.local
[DEBUG] 2019-06-29 12:46:22,229 | /home/ilhmndn/frappe-training/apps/frappe/frappe/utils/scheduler.py:
Site: warehouse
Queued events for site warehouse
[DEBUG] 2019-06-29 12:47:22,358 | /home/ilhmndn/frappe-training/apps/frappe/frappe/utils/scheduler.py:
Site: mdb.training.local
Queued events for site mdb.training.local
[DEBUG] 2019-06-29 12:47:22,421 | /home/ilhmndn/frappe-training/apps/frappe/frappe/utils/scheduler.py:
Site: warehouse
Queued events for site warehouse
[DEBUG] 2019-06-29 12:48:22,696 | /home/ilhmndn/frappe-training/apps/frappe/frappe/utils/scheduler.py:
Site: mdb.training.local
Queued events for site mdb.training.local
[DEBUG] 2019-06-29 12:48:22,840 | /home/ilhmndn/frappe-training/apps/frappe/frappe/utils/scheduler.py:
Site: warehouse
Queued events for site warehouse
[DEBUG] 2019-06-29 12:49:22,997 | /home/ilhmndn/frappe-training/apps/frappe/frappe/utils/scheduler.py:
Site: mdb.training.local
Queued events for site mdb.training.local
[DEBUG] 2019-06-29 12:49:23,047 | /home/ilhmndn/frappe-training/apps/frappe/frappe/utils/scheduler.py:
Site: warehouse
Queued events for site warehouse
[DEBUG] 2019-06-29 12:50:23,191 | /home/ilhmndn/frappe-training/apps/frappe/frappe/utils/scheduler.py:
Site: mdb.training.local
Queued events for site mdb.training.local
[DEBUG] 2019-06-29 12:50:23,252 | /home/ilhmndn/frappe-training/apps/frappe/frappe/utils/scheduler.py:
Site: warehouse
Queued events for site warehouse
[DEBUG] 2019-06-29 12:51:23,414 | /home/ilhmndn/frappe-training/apps/frappe/frappe/utils/scheduler.py:
Site: mdb.training.local
Queued events for site mdb.training.local
[DEBUG] 2019-06-29 12:51:23,481 | /home/ilhmndn/frappe-training/apps/frappe/frappe/utils/scheduler.py:
Site: warehouse
Queued events for site warehouse
[ERROR] 2019-06-29 12:51:31,539 | /home/ilhmndn/frappe-training/apps/frappe/frappe/app.py:
Site: mdb.training.local
Form Dict: {
 "action": "Submit",
 "cmd": "frappe.desk.form.save.savedocs",
 "doc": "{\"name\":\"RPB-012\",\"owner\":\"Administrator\",\"creation\":\"2019-06-29 12:51:28.697490\",\"modified\":\"2019-06-29 12:51:28.697490\",\"modified_by\":\"Administrator\",\"parent\":null,\"parentfield\":null,\"parenttype\":null,\"idx\":0,\"docstatus\":0,\"naming_series\":\"RPB-.###\",\"id_supplier\":\"SUPPLIER-003\",\"nama_supplier\":\"Ihsan\",\"tanggal_request\":\"2019-06-29\",\"total_harga\":null,\"amended_from\":null,\"doctype\":\"Request Pesanan Barang\",\"request_line_pesanan\":[{\"name\":\"a453e00075\",\"owner\":\"Administrator\",\"creation\":\"2019-06-29 12:51:28.697490\",\"modified\":\"2019-06-29 12:51:28.697490\",\"modified_by\":\"Administrator\",\"parent\":\"RPB-012\",\"parentfield\":\"request_line_pesanan\",\"parenttype\":\"Request Pesanan Barang\",\"idx\":1,\"docstatus\":0,\"kode_barang\":\"BARANG-003\",\"nama_barang\":\"Pasir\",\"jenis_barang\":\"Pasir\",\"qty\":\"5\",\"satuan\":\"Ton\",\"harga\":\"500000\",\"doctype\":\"Request Line Pesanan\"}],\"__last_sync_on\":\"2019-06-29T05:51:28.910Z\"}"
}
Request Error
Traceback (most recent call last):
  File "/home/ilhmndn/frappe-training/apps/frappe/frappe/app.py", line 61, in application
    response = frappe.handler.handle()
  File "/home/ilhmndn/frappe-training/apps/frappe/frappe/handler.py", line 21, in handle
    data = execute_cmd(cmd)
  File "/home/ilhmndn/frappe-training/apps/frappe/frappe/handler.py", line 56, in execute_cmd
    return frappe.call(method, **frappe.form_dict)
  File "/home/ilhmndn/frappe-training/apps/frappe/frappe/__init__.py", line 1019, in call
    return fn(*args, **newargs)
  File "/home/ilhmndn/frappe-training/apps/frappe/frappe/desk/form/save.py", line 19, in savedocs
    doc.submit()
  File "/home/ilhmndn/frappe-training/apps/frappe/frappe/model/document.py", line 848, in submit
    self._submit()
  File "/home/ilhmndn/frappe-training/apps/frappe/frappe/model/document.py", line 837, in _submit
    self.save()
  File "/home/ilhmndn/frappe-training/apps/frappe/frappe/model/document.py", line 260, in save
    return self._save(*args, **kwargs)
  File "/home/ilhmndn/frappe-training/apps/frappe/frappe/model/document.py", line 313, in _save
    self.run_post_save_methods()
  File "/home/ilhmndn/frappe-training/apps/frappe/frappe/model/document.py", line 908, in run_post_save_methods
    self.run_method("on_submit")
  File "/home/ilhmndn/frappe-training/apps/frappe/frappe/model/document.py", line 772, in run_method
    out = Document.hook(fn)(self, *args, **kwargs)
  File "/home/ilhmndn/frappe-training/apps/frappe/frappe/model/document.py", line 1048, in composer
    return composed(self, method, *args, **kwargs)
  File "/home/ilhmndn/frappe-training/apps/frappe/frappe/model/document.py", line 1031, in runner
    add_to_return_value(self, fn(self, *args, **kwargs))
  File "/home/ilhmndn/frappe-training/apps/frappe/frappe/model/document.py", line 766, in <lambda>
    fn = lambda self, *args, **kwargs: getattr(self, method)(*args, **kwargs)
  File "/home/ilhmndn/frappe-training/apps/warehouse/warehouse/warehouse_management_system/doctype/request_pesanan_barang/request_pesanan_barang.py", line 13, in on_submit
    self.on_approve()
  File "/home/ilhmndn/frappe-training/apps/warehouse/warehouse/warehouse_management_system/doctype/request_pesanan_barang/request_pesanan_barang.py", line 29, in on_approve
    'harga': i.harga,
AttributeError: 'RequestLinePesanan' object has no attribute 'jumlah'
[ERROR] 2019-06-29 12:51:31,857 | /home/ilhmndn/frappe-training/apps/frappe/frappe/utils/error.py:
Could not take error snapshot: startswith first arg must be str or a tuple of str, not bytes
Traceback (most recent call last):
  File "/home/ilhmndn/frappe-training/apps/frappe/frappe/app.py", line 61, in application
    response = frappe.handler.handle()
  File "/home/ilhmndn/frappe-training/apps/frappe/frappe/handler.py", line 21, in handle
    data = execute_cmd(cmd)
  File "/home/ilhmndn/frappe-training/apps/frappe/frappe/handler.py", line 56, in execute_cmd
    return frappe.call(method, **frappe.form_dict)
  File "/home/ilhmndn/frappe-training/apps/frappe/frappe/__init__.py", line 1019, in call
    return fn(*args, **newargs)
  File "/home/ilhmndn/frappe-training/apps/frappe/frappe/desk/form/save.py", line 19, in savedocs
    doc.submit()
  File "/home/ilhmndn/frappe-training/apps/frappe/frappe/model/document.py", line 848, in submit
    self._submit()
  File "/home/ilhmndn/frappe-training/apps/frappe/frappe/model/document.py", line 837, in _submit
    self.save()
  File "/home/ilhmndn/frappe-training/apps/frappe/frappe/model/document.py", line 260, in save
    return self._save(*args, **kwargs)
  File "/home/ilhmndn/frappe-training/apps/frappe/frappe/model/document.py", line 313, in _save
    self.run_post_save_methods()
  File "/home/ilhmndn/frappe-training/apps/frappe/frappe/model/document.py", line 908, in run_post_save_methods
    self.run_method("on_submit")
  File "/home/ilhmndn/frappe-training/apps/frappe/frappe/model/document.py", line 772, in run_method
    out = Document.hook(fn)(self, *args, **kwargs)
  File "/home/ilhmndn/frappe-training/apps/frappe/frappe/model/document.py", line 1048, in composer
    return composed(self, method, *args, **kwargs)
  File "/home/ilhmndn/frappe-training/apps/frappe/frappe/model/document.py", line 1031, in runner
    add_to_return_value(self, fn(self, *args, **kwargs))
  File "/home/ilhmndn/frappe-training/apps/frappe/frappe/model/document.py", line 766, in <lambda>
    fn = lambda self, *args, **kwargs: getattr(self, method)(*args, **kwargs)
  File "/home/ilhmndn/frappe-training/apps/warehouse/warehouse/warehouse_management_system/doctype/request_pesanan_barang/request_pesanan_barang.py", line 13, in on_submit
    self.on_approve()
  File "/home/ilhmndn/frappe-training/apps/warehouse/warehouse/warehouse_management_system/doctype/request_pesanan_barang/request_pesanan_barang.py", line 29, in on_approve
    'harga': i.harga,
AttributeError: 'RequestLinePesanan' object has no attribute 'jumlah'

During handling of the above exception, another exception occurred:

Traceback (most recent call last):
  File "/home/ilhmndn/frappe-training/apps/frappe/frappe/utils/error.py", line 36, in make_error_snapshot
    snapshot = get_snapshot(exception)
  File "/home/ilhmndn/frappe-training/apps/frappe/frappe/utils/error.py", line 131, in get_snapshot
    if type(value)==str and value.startswith(b"u'"):
TypeError: startswith first arg must be str or a tuple of str, not bytes
[DEBUG] 2019-06-29 12:52:23,747 | /home/ilhmndn/frappe-training/apps/frappe/frappe/utils/scheduler.py:
Site: mdb.training.local
Queued events for site mdb.training.local
[DEBUG] 2019-06-29 12:52:23,935 | /home/ilhmndn/frappe-training/apps/frappe/frappe/utils/scheduler.py:
Site: warehouse
Queued events for site warehouse
[ERROR] 2019-06-29 12:52:52,717 | /home/ilhmndn/frappe-training/apps/frappe/frappe/app.py:
Site: mdb.training.local
Form Dict: {
 "action": "Submit",
 "cmd": "frappe.desk.form.save.savedocs",
 "doc": "{\"name\":\"RPB-012\",\"owner\":\"Administrator\",\"creation\":\"2019-06-29 12:51:28.697490\",\"modified\":\"2019-06-29 12:51:28.697490\",\"modified_by\":\"Administrator\",\"parent\":null,\"parentfield\":null,\"parenttype\":null,\"idx\":0,\"docstatus\":0,\"naming_series\":\"RPB-.###\",\"id_supplier\":\"SUPPLIER-003\",\"nama_supplier\":\"Ihsan\",\"tanggal_request\":\"2019-06-29\",\"total_harga\":null,\"amended_from\":null,\"doctype\":\"Request Pesanan Barang\",\"request_line_pesanan\":[{\"name\":\"a453e00075\",\"owner\":\"Administrator\",\"creation\":\"2019-06-29 12:51:28.697490\",\"modified\":\"2019-06-29 12:51:28.697490\",\"modified_by\":\"Administrator\",\"parent\":\"RPB-012\",\"parentfield\":\"request_line_pesanan\",\"parenttype\":\"Request Pesanan Barang\",\"idx\":1,\"docstatus\":0,\"kode_barang\":\"BARANG-003\",\"nama_barang\":\"Pasir\",\"jenis_barang\":\"Pasir\",\"qty\":\"5\",\"satuan\":\"Ton\",\"harga\":\"500000\",\"doctype\":\"Request Line Pesanan\"}],\"__last_sync_on\":\"2019-06-29T05:51:28.910Z\"}"
}
Request Error
Traceback (most recent call last):
  File "/home/ilhmndn/frappe-training/apps/frappe/frappe/app.py", line 61, in application
    response = frappe.handler.handle()
  File "/home/ilhmndn/frappe-training/apps/frappe/frappe/handler.py", line 21, in handle
    data = execute_cmd(cmd)
  File "/home/ilhmndn/frappe-training/apps/frappe/frappe/handler.py", line 56, in execute_cmd
    return frappe.call(method, **frappe.form_dict)
  File "/home/ilhmndn/frappe-training/apps/frappe/frappe/__init__.py", line 1019, in call
    return fn(*args, **newargs)
  File "/home/ilhmndn/frappe-training/apps/frappe/frappe/desk/form/save.py", line 19, in savedocs
    doc.submit()
  File "/home/ilhmndn/frappe-training/apps/frappe/frappe/model/document.py", line 848, in submit
    self._submit()
  File "/home/ilhmndn/frappe-training/apps/frappe/frappe/model/document.py", line 837, in _submit
    self.save()
  File "/home/ilhmndn/frappe-training/apps/frappe/frappe/model/document.py", line 260, in save
    return self._save(*args, **kwargs)
  File "/home/ilhmndn/frappe-training/apps/frappe/frappe/model/document.py", line 313, in _save
    self.run_post_save_methods()
  File "/home/ilhmndn/frappe-training/apps/frappe/frappe/model/document.py", line 908, in run_post_save_methods
    self.run_method("on_submit")
  File "/home/ilhmndn/frappe-training/apps/frappe/frappe/model/document.py", line 772, in run_method
    out = Document.hook(fn)(self, *args, **kwargs)
  File "/home/ilhmndn/frappe-training/apps/frappe/frappe/model/document.py", line 1048, in composer
    return composed(self, method, *args, **kwargs)
  File "/home/ilhmndn/frappe-training/apps/frappe/frappe/model/document.py", line 1031, in runner
    add_to_return_value(self, fn(self, *args, **kwargs))
  File "/home/ilhmndn/frappe-training/apps/frappe/frappe/model/document.py", line 766, in <lambda>
    fn = lambda self, *args, **kwargs: getattr(self, method)(*args, **kwargs)
  File "/home/ilhmndn/frappe-training/apps/warehouse/warehouse/warehouse_management_system/doctype/request_pesanan_barang/request_pesanan_barang.py", line 13, in on_submit
    self.on_approve()
  File "/home/ilhmndn/frappe-training/apps/warehouse/warehouse/warehouse_management_system/doctype/request_pesanan_barang/request_pesanan_barang.py", line 29, in on_approve
    'harga': i.harga,
AttributeError: 'RequestLinePesanan' object has no attribute 'jumlah'
[ERROR] 2019-06-29 12:52:52,731 | /home/ilhmndn/frappe-training/apps/frappe/frappe/utils/error.py:
Could not take error snapshot: startswith first arg must be str or a tuple of str, not bytes
Traceback (most recent call last):
  File "/home/ilhmndn/frappe-training/apps/frappe/frappe/app.py", line 61, in application
    response = frappe.handler.handle()
  File "/home/ilhmndn/frappe-training/apps/frappe/frappe/handler.py", line 21, in handle
    data = execute_cmd(cmd)
  File "/home/ilhmndn/frappe-training/apps/frappe/frappe/handler.py", line 56, in execute_cmd
    return frappe.call(method, **frappe.form_dict)
  File "/home/ilhmndn/frappe-training/apps/frappe/frappe/__init__.py", line 1019, in call
    return fn(*args, **newargs)
  File "/home/ilhmndn/frappe-training/apps/frappe/frappe/desk/form/save.py", line 19, in savedocs
    doc.submit()
  File "/home/ilhmndn/frappe-training/apps/frappe/frappe/model/document.py", line 848, in submit
    self._submit()
  File "/home/ilhmndn/frappe-training/apps/frappe/frappe/model/document.py", line 837, in _submit
    self.save()
  File "/home/ilhmndn/frappe-training/apps/frappe/frappe/model/document.py", line 260, in save
    return self._save(*args, **kwargs)
  File "/home/ilhmndn/frappe-training/apps/frappe/frappe/model/document.py", line 313, in _save
    self.run_post_save_methods()
  File "/home/ilhmndn/frappe-training/apps/frappe/frappe/model/document.py", line 908, in run_post_save_methods
    self.run_method("on_submit")
  File "/home/ilhmndn/frappe-training/apps/frappe/frappe/model/document.py", line 772, in run_method
    out = Document.hook(fn)(self, *args, **kwargs)
  File "/home/ilhmndn/frappe-training/apps/frappe/frappe/model/document.py", line 1048, in composer
    return composed(self, method, *args, **kwargs)
  File "/home/ilhmndn/frappe-training/apps/frappe/frappe/model/document.py", line 1031, in runner
    add_to_return_value(self, fn(self, *args, **kwargs))
  File "/home/ilhmndn/frappe-training/apps/frappe/frappe/model/document.py", line 766, in <lambda>
    fn = lambda self, *args, **kwargs: getattr(self, method)(*args, **kwargs)
  File "/home/ilhmndn/frappe-training/apps/warehouse/warehouse/warehouse_management_system/doctype/request_pesanan_barang/request_pesanan_barang.py", line 13, in on_submit
    self.on_approve()
  File "/home/ilhmndn/frappe-training/apps/warehouse/warehouse/warehouse_management_system/doctype/request_pesanan_barang/request_pesanan_barang.py", line 29, in on_approve
    'harga': i.harga,
AttributeError: 'RequestLinePesanan' object has no attribute 'jumlah'

During handling of the above exception, another exception occurred:

Traceback (most recent call last):
  File "/home/ilhmndn/frappe-training/apps/frappe/frappe/utils/error.py", line 36, in make_error_snapshot
    snapshot = get_snapshot(exception)
  File "/home/ilhmndn/frappe-training/apps/frappe/frappe/utils/error.py", line 131, in get_snapshot
    if type(value)==str and value.startswith(b"u'"):
TypeError: startswith first arg must be str or a tuple of str, not bytes
[DEBUG] 2019-06-29 12:53:24,086 | /home/ilhmndn/frappe-training/apps/frappe/frappe/utils/scheduler.py:
Site: mdb.training.local
Queued events for site mdb.training.local
[DEBUG] 2019-06-29 12:53:24,147 | /home/ilhmndn/frappe-training/apps/frappe/frappe/utils/scheduler.py:
Site: warehouse
Queued events for site warehouse
[DEBUG] 2019-06-29 12:55:13,660 | /home/ilhmndn/frappe-training/apps/frappe/frappe/utils/scheduler.py:
Site: mdb.training.local
Queued events for site mdb.training.local
[DEBUG] 2019-06-29 12:55:13,761 | /home/ilhmndn/frappe-training/apps/frappe/frappe/utils/scheduler.py:
Site: warehouse
Queued events for site warehouse
[DEBUG] 2019-06-29 12:56:14,000 | /home/ilhmndn/frappe-training/apps/frappe/frappe/utils/scheduler.py:
Site: mdb.training.local
Queued events for site mdb.training.local
[DEBUG] 2019-06-29 12:56:14,174 | /home/ilhmndn/frappe-training/apps/frappe/frappe/utils/scheduler.py:
Site: warehouse
Queued events for site warehouse
[DEBUG] 2019-06-29 12:57:14,307 | /home/ilhmndn/frappe-training/apps/frappe/frappe/utils/scheduler.py:
Site: mdb.training.local
Queued events for site mdb.training.local
[DEBUG] 2019-06-29 12:57:14,353 | /home/ilhmndn/frappe-training/apps/frappe/frappe/utils/scheduler.py:
Site: warehouse
Queued events for site warehouse
[DEBUG] 2019-06-29 12:58:14,479 | /home/ilhmndn/frappe-training/apps/frappe/frappe/utils/scheduler.py:
Site: mdb.training.local
Queued events for site mdb.training.local
[DEBUG] 2019-06-29 12:58:14,524 | /home/ilhmndn/frappe-training/apps/frappe/frappe/utils/scheduler.py:
Site: warehouse
Queued events for site warehouse
[DEBUG] 2019-06-29 12:59:14,724 | /home/ilhmndn/frappe-training/apps/frappe/frappe/utils/scheduler.py:
Site: mdb.training.local
Queued events for site mdb.training.local
[DEBUG] 2019-06-29 12:59:14,777 | /home/ilhmndn/frappe-training/apps/frappe/frappe/utils/scheduler.py:
Site: warehouse
Queued events for site warehouse
[DEBUG] 2019-06-29 13:00:15,084 | /home/ilhmndn/frappe-training/apps/frappe/frappe/utils/scheduler.py:
Site: mdb.training.local
Queued events for site mdb.training.local
[DEBUG] 2019-06-29 13:00:15,500 | /home/ilhmndn/frappe-training/apps/frappe/frappe/utils/scheduler.py:
Site: warehouse
Queued events for site warehouse
[DEBUG] 2019-06-29 13:01:15,650 | /home/ilhmndn/frappe-training/apps/frappe/frappe/utils/scheduler.py:
Site: mdb.training.local
Queued events for site mdb.training.local
[DEBUG] 2019-06-29 13:01:15,704 | /home/ilhmndn/frappe-training/apps/frappe/frappe/utils/scheduler.py:
Site: warehouse
Queued events for site warehouse
[DEBUG] 2019-06-29 13:02:16,105 | /home/ilhmndn/frappe-training/apps/frappe/frappe/utils/scheduler.py:
Site: mdb.training.local
Queued events for site mdb.training.local
[DEBUG] 2019-06-29 13:02:16,183 | /home/ilhmndn/frappe-training/apps/frappe/frappe/utils/scheduler.py:
Site: warehouse
Queued events for site warehouse
[DEBUG] 2019-06-29 13:03:16,600 | /home/ilhmndn/frappe-training/apps/frappe/frappe/utils/scheduler.py:
Site: mdb.training.local
Queued events for site mdb.training.local
[DEBUG] 2019-06-29 13:03:16,663 | /home/ilhmndn/frappe-training/apps/frappe/frappe/utils/scheduler.py:
Site: warehouse
Queued events for site warehouse
[DEBUG] 2019-06-29 13:04:16,896 | /home/ilhmndn/frappe-training/apps/frappe/frappe/utils/scheduler.py:
Site: mdb.training.local
Queued events for site mdb.training.local
[DEBUG] 2019-06-29 13:04:17,040 | /home/ilhmndn/frappe-training/apps/frappe/frappe/utils/scheduler.py:
Site: warehouse
Queued events for site warehouse
[DEBUG] 2019-06-29 13:05:17,468 | /home/ilhmndn/frappe-training/apps/frappe/frappe/utils/scheduler.py:
Site: mdb.training.local
Queued events for site mdb.training.local
[DEBUG] 2019-06-29 13:05:17,529 | /home/ilhmndn/frappe-training/apps/frappe/frappe/utils/scheduler.py:
Site: warehouse
Queued events for site warehouse
[DEBUG] 2019-06-29 13:06:17,943 | /home/ilhmndn/frappe-training/apps/frappe/frappe/utils/scheduler.py:
Site: mdb.training.local
Queued events for site mdb.training.local
[DEBUG] 2019-06-29 13:06:18,021 | /home/ilhmndn/frappe-training/apps/frappe/frappe/utils/scheduler.py:
Site: warehouse
Queued events for site warehouse
[DEBUG] 2019-06-29 13:07:18,424 | /home/ilhmndn/frappe-training/apps/frappe/frappe/utils/scheduler.py:
Site: mdb.training.local
Queued events for site mdb.training.local
[DEBUG] 2019-06-29 13:07:18,469 | /home/ilhmndn/frappe-training/apps/frappe/frappe/utils/scheduler.py:
Site: warehouse
Queued events for site warehouse
[DEBUG] 2019-06-29 13:08:18,950 | /home/ilhmndn/frappe-training/apps/frappe/frappe/utils/scheduler.py:
Site: mdb.training.local
Queued events for site mdb.training.local
[DEBUG] 2019-06-29 13:08:19,096 | /home/ilhmndn/frappe-training/apps/frappe/frappe/utils/scheduler.py:
Site: warehouse
Queued events for site warehouse
[DEBUG] 2019-06-29 13:09:19,238 | /home/ilhmndn/frappe-training/apps/frappe/frappe/utils/scheduler.py:
Site: mdb.training.local
Queued events for site mdb.training.local
[DEBUG] 2019-06-29 13:09:19,286 | /home/ilhmndn/frappe-training/apps/frappe/frappe/utils/scheduler.py:
Site: warehouse
Queued events for site warehouse
[DEBUG] 2019-06-29 13:10:19,446 | /home/ilhmndn/frappe-training/apps/frappe/frappe/utils/scheduler.py:
Site: mdb.training.local
Queued events for site mdb.training.local
[DEBUG] 2019-06-29 13:10:19,509 | /home/ilhmndn/frappe-training/apps/frappe/frappe/utils/scheduler.py:
Site: warehouse
Queued events for site warehouse
[DEBUG] 2019-06-29 13:11:19,662 | /home/ilhmndn/frappe-training/apps/frappe/frappe/utils/scheduler.py:
Site: mdb.training.local
Queued events for site mdb.training.local
[DEBUG] 2019-06-29 13:11:19,711 | /home/ilhmndn/frappe-training/apps/frappe/frappe/utils/scheduler.py:
Site: warehouse
Queued events for site warehouse
[DEBUG] 2019-06-29 13:12:20,228 | /home/ilhmndn/frappe-training/apps/frappe/frappe/utils/scheduler.py:
Site: mdb.training.local
Queued events for site mdb.training.local
[DEBUG] 2019-06-29 13:12:20,454 | /home/ilhmndn/frappe-training/apps/frappe/frappe/utils/scheduler.py:
Site: warehouse
Queued events for site warehouse
[DEBUG] 2019-06-29 13:13:20,618 | /home/ilhmndn/frappe-training/apps/frappe/frappe/utils/scheduler.py:
Site: mdb.training.local
Queued events for site mdb.training.local
[DEBUG] 2019-06-29 13:13:20,699 | /home/ilhmndn/frappe-training/apps/frappe/frappe/utils/scheduler.py:
Site: warehouse
Queued events for site warehouse
[DEBUG] 2019-06-29 13:14:21,106 | /home/ilhmndn/frappe-training/apps/frappe/frappe/utils/scheduler.py:
Site: mdb.training.local
Queued events for site mdb.training.local
[DEBUG] 2019-06-29 13:14:21,180 | /home/ilhmndn/frappe-training/apps/frappe/frappe/utils/scheduler.py:
Site: warehouse
Queued events for site warehouse
[DEBUG] 2019-06-29 13:15:21,592 | /home/ilhmndn/frappe-training/apps/frappe/frappe/utils/scheduler.py:
Site: mdb.training.local
Queued events for site mdb.training.local
[DEBUG] 2019-06-29 13:15:21,656 | /home/ilhmndn/frappe-training/apps/frappe/frappe/utils/scheduler.py:
Site: warehouse
Queued events for site warehouse
[DEBUG] 2019-06-29 13:16:22,146 | /home/ilhmndn/frappe-training/apps/frappe/frappe/utils/scheduler.py:
Site: mdb.training.local
Queued events for site mdb.training.local
[DEBUG] 2019-06-29 13:16:22,340 | /home/ilhmndn/frappe-training/apps/frappe/frappe/utils/scheduler.py:
Site: warehouse
Queued events for site warehouse
[DEBUG] 2019-06-29 13:17:22,773 | /home/ilhmndn/frappe-training/apps/frappe/frappe/utils/scheduler.py:
Site: mdb.training.local
Queued events for site mdb.training.local
[DEBUG] 2019-06-29 13:17:22,825 | /home/ilhmndn/frappe-training/apps/frappe/frappe/utils/scheduler.py:
Site: warehouse
Queued events for site warehouse
[DEBUG] 2019-06-29 13:18:23,187 | /home/ilhmndn/frappe-training/apps/frappe/frappe/utils/scheduler.py:
Site: mdb.training.local
Queued events for site mdb.training.local
[DEBUG] 2019-06-29 13:18:23,298 | /home/ilhmndn/frappe-training/apps/frappe/frappe/utils/scheduler.py:
Site: warehouse
Queued events for site warehouse
[DEBUG] 2019-06-29 13:33:24,037 | /home/ilhmndn/frappe-training/apps/frappe/frappe/utils/scheduler.py:
Site: mdb.training.local
Queued events for site mdb.training.local
[DEBUG] 2019-06-29 13:33:24,531 | /home/ilhmndn/frappe-training/apps/frappe/frappe/utils/scheduler.py:
Site: warehouse
Queued events for site warehouse
[DEBUG] 2019-06-29 13:35:42,764 | /home/ilhmndn/frappe-training/apps/frappe/frappe/utils/scheduler.py:
Site: mdb.training.local
Queued events for site mdb.training.local
[DEBUG] 2019-06-29 13:35:42,822 | /home/ilhmndn/frappe-training/apps/frappe/frappe/utils/scheduler.py:
Site: warehouse
Queued events for site warehouse
[DEBUG] 2019-06-29 13:41:18,790 | /home/ilhmndn/frappe-training/apps/frappe/frappe/utils/scheduler.py:
Site: mdb.training.local
Queued events for site mdb.training.local
[DEBUG] 2019-06-29 13:41:18,947 | /home/ilhmndn/frappe-training/apps/frappe/frappe/utils/scheduler.py:
Site: warehouse
Queued events for site warehouse
[DEBUG] 2019-06-29 13:47:18,938 | /home/ilhmndn/frappe-training/apps/frappe/frappe/utils/scheduler.py:
Site: mdb.training.local
Queued events for site mdb.training.local
[DEBUG] 2019-06-29 13:47:19,224 | /home/ilhmndn/frappe-training/apps/frappe/frappe/utils/scheduler.py:
Site: warehouse
Queued events for site warehouse
[DEBUG] 2019-06-29 14:28:26,958 | /home/ilhmndn/frappe-training/apps/frappe/frappe/utils/scheduler.py:
Site: mdb.training.local
Queued events for site mdb.training.local
[DEBUG] 2019-06-29 14:28:27,282 | /home/ilhmndn/frappe-training/apps/frappe/frappe/utils/scheduler.py:
Site: warehouse
Queued events for site warehouse
